This file contains any messages produced by compilers while
running configure, to aid debugging if configure makes a mistake.

It was created by rtorrent configure 0.8.9, which was
generated by GNU Autoconf 2.68.  Invocation command line was

  $ ./configure --host=arm-linux --without-ncursesw

## --------- ##
## Platform. ##
## --------- ##

hostname = smalik-laptop
uname -m = x86_64
uname -r = 3.1.6-1.fc16.x86_64
uname -s = Linux
uname -v = #1 SMP Wed Dec 21 22:41:17 UTC 2011

/usr/bin/uname -p = unknown
/bin/uname -X     = unknown

/bin/arch              = x86_64
/usr/bin/arch -k       = unknown
/usr/convex/getsysinfo = unknown
/usr/bin/hostinfo      = unknown
/bin/machine           = unknown
/usr/bin/oslevel       = unknown
/bin/universe          = unknown

PATH: /home/smalik/Downloads/firefox
PATH: /home/smalik/Downloads/jazz/scmtools/eclipse
PATH: /home/smalik/Downloads/firefox
PATH: /home/smalik/Downloads/jazz/scmtools/eclipse
PATH: /usr/local/bin
PATH: /bin
PATH: /usr/bin
PATH: /usr/local/sbin
PATH: /usr/sbin
PATH: /sbin
PATH: /opt/lodev3.5//program
PATH: /opt/ibm/c4eb/bin
PATH: /home/smalik/bin
PATH: /usr/kerberos/bin
PATH: /home/smalik/arm-gcc/opt/FriendlyARM/toolschain/4.4.3/bin


## ----------- ##
## Core tests. ##
## ----------- ##

configure:2420: checking for a BSD-compatible install
configure:2488: result: /usr/bin/install -c
configure:2499: checking whether build environment is sane
configure:2549: result: yes
configure:2598: checking for arm-linux-strip
configure:2614: found /home/smalik/arm-gcc/opt/FriendlyARM/toolschain/4.4.3/bin/arm-linux-strip
configure:2625: result: arm-linux-strip
configure:2690: checking for a thread-safe mkdir -p
configure:2729: result: /bin/mkdir -p
configure:2742: checking for gawk
configure:2758: found /bin/gawk
configure:2769: result: gawk
configure:2780: checking whether make sets $(MAKE)
configure:2802: result: yes
configure:2918: checking for cppunit-config
configure:2949: result: no
configure:2959: checking for Cppunit - version >= 1.9.6
configure:2963: result: no
configure:3040: checking for arm-linux-g++
configure:3056: found /home/smalik/arm-gcc/opt/FriendlyARM/toolschain/4.4.3/bin/arm-linux-g++
configure:3067: result: arm-linux-g++
configure:3138: checking for C++ compiler version
configure:3147: arm-linux-g++ --version >&5
.arm-none-linux-gnueabi-g++ (ctng-1.6.1) 4.4.3
Copyright (C) 2010 Free Software Foundation, Inc.
This is free software; see the source for copying conditions.  There is NO
warranty; not even for MERCHANTABILITY or FITNESS FOR A PARTICULAR PURPOSE.

configure:3158: $? = 0
configure:3147: arm-linux-g++ -v >&5
Using built-in specs.
Target: arm-none-linux-gnueabi
Configured with: /opt/FriendlyARM/mini2440/build-toolschain/working/src/gcc-4.4.3/configure --build=i386-build_redhat-linux-gnu --host=i386-build_redhat-linux-gnu --target=arm-none-linux-gnueabi --prefix=/opt/FriendlyARM/toolschain/4.4.3 --with-sysroot=/opt/FriendlyARM/toolschain/4.4.3/arm-none-linux-gnueabi//sys-root --enable-languages=c,c++ --disable-multilib --with-arch=armv4t --with-cpu=arm920t --with-tune=arm920t --with-float=soft --with-pkgversion=ctng-1.6.1 --disable-sjlj-exceptions --enable-__cxa_atexit --with-gmp=/opt/FriendlyARM/toolschain/4.4.3 --with-mpfr=/opt/FriendlyARM/toolschain/4.4.3 --with-ppl=/opt/FriendlyARM/toolschain/4.4.3 --with-cloog=/opt/FriendlyARM/toolschain/4.4.3 --with-mpc=/opt/FriendlyARM/toolschain/4.4.3 --with-local-prefix=/opt/FriendlyARM/toolschain/4.4.3/arm-none-linux-gnueabi//sys-root --disable-nls --enable-threads=posix --enable-symvers=gnu --enable-c99 --enable-long-long --enable-target-optspace
Thread model: posix
gcc version 4.4.3 (ctng-1.6.1) 
configure:3158: $? = 0
configure:3147: arm-linux-g++ -V >&5
.arm-none-linux-gnueabi-g++: '-V' option must have argument
configure:3158: $? = 1
configure:3147: arm-linux-g++ -qversion >&5
.arm-none-linux-gnueabi-g++: unrecognized option '-qversion'
.arm-none-linux-gnueabi-g++: no input files
configure:3158: $? = 1
configure:3178: checking whether the C++ compiler works
configure:3200: arm-linux-g++    conftest.cpp  >&5
configure:3204: $? = 0
configure:3252: result: yes
configure:3255: checking for C++ compiler default output file name
configure:3257: result: a.out
configure:3263: checking for suffix of executables
configure:3270: arm-linux-g++ -o conftest    conftest.cpp  >&5
configure:3274: $? = 0
configure:3296: result: 
configure:3318: checking whether we are cross compiling
configure:3326: arm-linux-g++ -o conftest    conftest.cpp  >&5
configure:3330: $? = 0
configure:3337: ./conftest
./configure: line 3339: ./conftest: cannot execute binary file
configure:3341: $? = 126
configure:3356: result: yes
configure:3361: checking for suffix of object files
configure:3383: arm-linux-g++ -c   conftest.cpp >&5
configure:3387: $? = 0
configure:3408: result: o
configure:3412: checking whether we are using the GNU C++ compiler
configure:3431: arm-linux-g++ -c   conftest.cpp >&5
configure:3431: $? = 0
configure:3440: result: yes
configure:3449: checking whether arm-linux-g++ accepts -g
configure:3469: arm-linux-g++ -c -g  conftest.cpp >&5
configure:3469: $? = 0
configure:3510: result: yes
configure:3544: checking for style of include used by make
configure:3572: result: GNU
configure:3597: checking dependency style of arm-linux-g++
configure:3707: result: gcc3
configure:3751: checking build system type
configure:3765: result: x86_64-unknown-linux-gnu
configure:3785: checking host system type
configure:3798: result: arm-unknown-linux-gnu
configure:3839: checking how to print strings
configure:3866: result: printf
configure:3895: checking for arm-linux-gcc
configure:3911: found /home/smalik/arm-gcc/opt/FriendlyARM/toolschain/4.4.3/bin/arm-linux-gcc
configure:3922: result: arm-linux-gcc
configure:4191: checking for C compiler version
configure:4200: arm-linux-gcc --version >&5
.arm-none-linux-gnueabi-gcc (ctng-1.6.1) 4.4.3
Copyright (C) 2010 Free Software Foundation, Inc.
This is free software; see the source for copying conditions.  There is NO
warranty; not even for MERCHANTABILITY or FITNESS FOR A PARTICULAR PURPOSE.

configure:4211: $? = 0
configure:4200: arm-linux-gcc -v >&5
Using built-in specs.
Target: arm-none-linux-gnueabi
Configured with: /opt/FriendlyARM/mini2440/build-toolschain/working/src/gcc-4.4.3/configure --build=i386-build_redhat-linux-gnu --host=i386-build_redhat-linux-gnu --target=arm-none-linux-gnueabi --prefix=/opt/FriendlyARM/toolschain/4.4.3 --with-sysroot=/opt/FriendlyARM/toolschain/4.4.3/arm-none-linux-gnueabi//sys-root --enable-languages=c,c++ --disable-multilib --with-arch=armv4t --with-cpu=arm920t --with-tune=arm920t --with-float=soft --with-pkgversion=ctng-1.6.1 --disable-sjlj-exceptions --enable-__cxa_atexit --with-gmp=/opt/FriendlyARM/toolschain/4.4.3 --with-mpfr=/opt/FriendlyARM/toolschain/4.4.3 --with-ppl=/opt/FriendlyARM/toolschain/4.4.3 --with-cloog=/opt/FriendlyARM/toolschain/4.4.3 --with-mpc=/opt/FriendlyARM/toolschain/4.4.3 --with-local-prefix=/opt/FriendlyARM/toolschain/4.4.3/arm-none-linux-gnueabi//sys-root --disable-nls --enable-threads=posix --enable-symvers=gnu --enable-c99 --enable-long-long --enable-target-optspace
Thread model: posix
gcc version 4.4.3 (ctng-1.6.1) 
configure:4211: $? = 0
configure:4200: arm-linux-gcc -V >&5
.arm-none-linux-gnueabi-gcc: '-V' option must have argument
configure:4211: $? = 1
configure:4200: arm-linux-gcc -qversion >&5
.arm-none-linux-gnueabi-gcc: unrecognized option '-qversion'
.arm-none-linux-gnueabi-gcc: no input files
configure:4211: $? = 1
configure:4215: checking whether we are using the GNU C compiler
configure:4234: arm-linux-gcc -c   conftest.c >&5
configure:4234: $? = 0
configure:4243: result: yes
configure:4252: checking whether arm-linux-gcc accepts -g
configure:4272: arm-linux-gcc -c -g  conftest.c >&5
configure:4272: $? = 0
configure:4313: result: yes
configure:4330: checking for arm-linux-gcc option to accept ISO C89
configure:4394: arm-linux-gcc  -c -g -O2  conftest.c >&5
configure:4394: $? = 0
configure:4407: result: none needed
configure:4429: checking dependency style of arm-linux-gcc
configure:4539: result: gcc3
configure:4554: checking for a sed that does not truncate output
configure:4618: result: /bin/sed
configure:4636: checking for grep that handles long lines and -e
configure:4694: result: /bin/grep
configure:4699: checking for egrep
configure:4761: result: /bin/grep -E
configure:4766: checking for fgrep
configure:4828: result: /bin/grep -F
configure:4863: checking for ld used by arm-linux-gcc
configure:4930: result: /home/smalik/arm-gcc/opt/FriendlyARM/toolschain/4.4.3/arm-none-linux-gnueabi/bin/ld
configure:4937: checking if the linker (/home/smalik/arm-gcc/opt/FriendlyARM/toolschain/4.4.3/arm-none-linux-gnueabi/bin/ld) is GNU ld
configure:4952: result: yes
configure:4964: checking for BSD- or MS-compatible name lister (nm)
configure:5013: result: /home/smalik/arm-gcc/opt/FriendlyARM/toolschain/4.4.3/bin/arm-linux-nm -B
configure:5143: checking the name lister (/home/smalik/arm-gcc/opt/FriendlyARM/toolschain/4.4.3/bin/arm-linux-nm -B) interface
configure:5150: arm-linux-gcc -c -g -O2  conftest.c >&5
configure:5153: /home/smalik/arm-gcc/opt/FriendlyARM/toolschain/4.4.3/bin/arm-linux-nm -B "conftest.o"
configure:5156: output
00000000 B some_variable
configure:5163: result: BSD nm
configure:5166: checking whether ln -s works
configure:5170: result: yes
configure:5178: checking the maximum length of command line arguments
configure:5303: result: 1572864
configure:5320: checking whether the shell understands some XSI constructs
configure:5330: result: yes
configure:5334: checking whether the shell understands "+="
configure:5340: result: yes
configure:5375: checking how to convert x86_64-unknown-linux-gnu file names to arm-unknown-linux-gnu format
configure:5415: result: func_convert_file_noop
configure:5422: checking how to convert x86_64-unknown-linux-gnu file names to toolchain format
configure:5442: result: func_convert_file_noop
configure:5449: checking for /home/smalik/arm-gcc/opt/FriendlyARM/toolschain/4.4.3/arm-none-linux-gnueabi/bin/ld option to reload object files
configure:5456: result: -r
configure:5490: checking for arm-linux-objdump
configure:5506: found /home/smalik/arm-gcc/opt/FriendlyARM/toolschain/4.4.3/bin/arm-linux-objdump
configure:5517: result: arm-linux-objdump
configure:5589: checking how to recognize dependent libraries
configure:5791: result: pass_all
configure:5836: checking for arm-linux-dlltool
configure:5866: result: no
configure:5876: checking for dlltool
configure:5906: result: no
configure:5936: checking how to associate runtime and link libraries
configure:5963: result: printf %s\n
configure:5980: checking for arm-linux-ar
configure:5996: found /home/smalik/arm-gcc/opt/FriendlyARM/toolschain/4.4.3/bin/arm-linux-ar
configure:6007: result: arm-linux-ar
configure:6088: checking for archiver @FILE support
configure:6105: arm-linux-gcc -c -g -O2  conftest.c >&5
configure:6105: $? = 0
configure:6108: arm-linux-ar cru libconftest.a @conftest.lst >&5
configure:6111: $? = 0
configure:6116: arm-linux-ar cru libconftest.a @conftest.lst >&5
/home/smalik/arm-gcc/opt/FriendlyARM/toolschain/4.4.3/bin/.arm-none-linux-gnueabi-ar: conftest.o: No such file or directory
configure:6119: $? = 1
configure:6131: result: @
configure:6149: checking for arm-linux-strip
configure:6176: result: arm-linux-strip
configure:6248: checking for arm-linux-ranlib
configure:6264: found /home/smalik/arm-gcc/opt/FriendlyARM/toolschain/4.4.3/bin/arm-linux-ranlib
configure:6275: result: arm-linux-ranlib
configure:6417: checking command to parse /home/smalik/arm-gcc/opt/FriendlyARM/toolschain/4.4.3/bin/arm-linux-nm -B output from arm-linux-gcc object
configure:6536: arm-linux-gcc -c -g -O2  conftest.c >&5
configure:6539: $? = 0
configure:6543: /home/smalik/arm-gcc/opt/FriendlyARM/toolschain/4.4.3/bin/arm-linux-nm -B conftest.o \| sed -n -e 's/^.*[ ]\([ABCDGIRSTW][ABCDGIRSTW]*\)[ ][ ]*\([_A-Za-z][_A-Za-z0-9]*\)$/\1 \2 \2/p' | sed '/ __gnu_lto/d' \> conftest.nm
configure:6546: $? = 0
configure:6612: arm-linux-gcc -o conftest -g -O2   conftest.c conftstm.o >&5
configure:6615: $? = 0
configure:6653: result: ok
configure:6690: checking for sysroot
configure:6720: result: no
configure:6923: checking for arm-linux-mt
configure:6953: result: no
configure:6963: checking for mt
configure:6993: result: no
configure:7013: checking if : is a manifest tool
configure:7019: : '-?'
configure:7027: result: no
configure:7659: checking how to run the C preprocessor
configure:7690: arm-linux-gcc -E  conftest.c
configure:7690: $? = 0
configure:7704: arm-linux-gcc -E  conftest.c
conftest.c:11:28: error: ac_nonexistent.h: No such file or directory
configure:7704: $? = 1
configure: failed program was:
| /* confdefs.h */
| #define PACKAGE_NAME "rtorrent"
| #define PACKAGE_TARNAME "rtorrent"
| #define PACKAGE_VERSION "0.8.9"
| #define PACKAGE_STRING "rtorrent 0.8.9"
| #define PACKAGE_BUGREPORT "jaris@ifi.uio.no"
| #define PACKAGE_URL ""
| #define PACKAGE "rtorrent"
| #define VERSION "0.8.9"
| /* end confdefs.h.  */
| #include <ac_nonexistent.h>
configure:7729: result: arm-linux-gcc -E
configure:7749: arm-linux-gcc -E  conftest.c
configure:7749: $? = 0
configure:7763: arm-linux-gcc -E  conftest.c
conftest.c:11:28: error: ac_nonexistent.h: No such file or directory
configure:7763: $? = 1
configure: failed program was:
| /* confdefs.h */
| #define PACKAGE_NAME "rtorrent"
| #define PACKAGE_TARNAME "rtorrent"
| #define PACKAGE_VERSION "0.8.9"
| #define PACKAGE_STRING "rtorrent 0.8.9"
| #define PACKAGE_BUGREPORT "jaris@ifi.uio.no"
| #define PACKAGE_URL ""
| #define PACKAGE "rtorrent"
| #define VERSION "0.8.9"
| /* end confdefs.h.  */
| #include <ac_nonexistent.h>
configure:7792: checking for ANSI C header files
configure:7812: arm-linux-gcc -c -g -O2  conftest.c >&5
configure:7812: $? = 0
configure:7896: result: yes
configure:7909: checking for sys/types.h
configure:7909: arm-linux-gcc -c -g -O2  conftest.c >&5
configure:7909: $? = 0
configure:7909: result: yes
configure:7909: checking for sys/stat.h
configure:7909: arm-linux-gcc -c -g -O2  conftest.c >&5
configure:7909: $? = 0
configure:7909: result: yes
configure:7909: checking for stdlib.h
configure:7909: arm-linux-gcc -c -g -O2  conftest.c >&5
configure:7909: $? = 0
configure:7909: result: yes
configure:7909: checking for string.h
configure:7909: arm-linux-gcc -c -g -O2  conftest.c >&5
configure:7909: $? = 0
configure:7909: result: yes
configure:7909: checking for memory.h
configure:7909: arm-linux-gcc -c -g -O2  conftest.c >&5
configure:7909: $? = 0
configure:7909: result: yes
configure:7909: checking for strings.h
configure:7909: arm-linux-gcc -c -g -O2  conftest.c >&5
configure:7909: $? = 0
configure:7909: result: yes
configure:7909: checking for inttypes.h
configure:7909: arm-linux-gcc -c -g -O2  conftest.c >&5
configure:7909: $? = 0
configure:7909: result: yes
configure:7909: checking for stdint.h
configure:7909: arm-linux-gcc -c -g -O2  conftest.c >&5
configure:7909: $? = 0
configure:7909: result: yes
configure:7909: checking for unistd.h
configure:7909: arm-linux-gcc -c -g -O2  conftest.c >&5
configure:7909: $? = 0
configure:7909: result: yes
configure:7923: checking for dlfcn.h
configure:7923: arm-linux-gcc -c -g -O2  conftest.c >&5
configure:7923: $? = 0
configure:7923: result: yes
configure:8121: checking for objdir
configure:8136: result: .libs
configure:8407: checking if arm-linux-gcc supports -fno-rtti -fno-exceptions
configure:8425: arm-linux-gcc -c -g -O2  -fno-rtti -fno-exceptions conftest.c >&5
cc1: warning: command line option "-fno-rtti" is valid for C++/ObjC++ but not for C
configure:8429: $? = 0
configure:8442: result: no
configure:8752: checking for arm-linux-gcc option to produce PIC
configure:8759: result: -fPIC -DPIC
configure:8767: checking if arm-linux-gcc PIC flag -fPIC -DPIC works
configure:8785: arm-linux-gcc -c -g -O2  -fPIC -DPIC -DPIC conftest.c >&5
configure:8789: $? = 0
configure:8802: result: yes
configure:8831: checking if arm-linux-gcc static flag -static works
configure:8859: result: yes
configure:8874: checking if arm-linux-gcc supports -c -o file.o
configure:8895: arm-linux-gcc -c -g -O2  -o out/conftest2.o conftest.c >&5
configure:8899: $? = 0
configure:8921: result: yes
configure:8929: checking if arm-linux-gcc supports -c -o file.o
configure:8976: result: yes
configure:9009: checking whether the arm-linux-gcc linker (/home/smalik/arm-gcc/opt/FriendlyARM/toolschain/4.4.3/arm-none-linux-gnueabi/bin/ld) supports shared libraries
configure:10167: result: yes
configure:10204: checking whether -lc should be explicitly linked in
configure:10212: arm-linux-gcc -c -g -O2  conftest.c >&5
configure:10215: $? = 0
configure:10230: arm-linux-gcc -shared  -fPIC -DPIC conftest.o  -v -Wl,-soname -Wl,conftest -o conftest 2\>\&1 \| /bin/grep  -lc  \>/dev/null 2\>\&1
configure:10233: $? = 0
configure:10247: result: no
configure:10412: checking dynamic linker characteristics
configure:10926: arm-linux-gcc -o conftest -g -O2   -Wl,-rpath -Wl,/foo conftest.c  >&5
configure:10926: $? = 0
configure:11148: result: GNU/Linux ld.so
configure:11255: checking how to hardcode library paths into programs
configure:11280: result: immediate
configure:11820: checking whether stripping libraries is possible
configure:11825: result: yes
configure:11860: checking if libtool supports shared libraries
configure:11862: result: yes
configure:11865: checking whether to build shared libraries
configure:11886: result: yes
configure:11889: checking whether to build static libraries
configure:11893: result: yes
configure:11916: checking how to run the C++ preprocessor
configure:11943: arm-linux-g++ -E  conftest.cpp
configure:11943: $? = 0
configure:11957: arm-linux-g++ -E  conftest.cpp
conftest.cpp:23:28: error: ac_nonexistent.h: No such file or directory
configure:11957: $? = 1
configure: failed program was:
| /* confdefs.h */
| #define PACKAGE_NAME "rtorrent"
| #define PACKAGE_TARNAME "rtorrent"
| #define PACKAGE_VERSION "0.8.9"
| #define PACKAGE_STRING "rtorrent 0.8.9"
| #define PACKAGE_BUGREPORT "jaris@ifi.uio.no"
| #define PACKAGE_URL ""
| #define PACKAGE "rtorrent"
| #define VERSION "0.8.9"
| #define STDC_HEADERS 1
| #define HAVE_SYS_TYPES_H 1
| #define HAVE_SYS_STAT_H 1
| #define HAVE_STDLIB_H 1
| #define HAVE_STRING_H 1
| #define HAVE_MEMORY_H 1
| #define HAVE_STRINGS_H 1
| #define HAVE_INTTYPES_H 1
| #define HAVE_STDINT_H 1
| #define HAVE_UNISTD_H 1
| #define HAVE_DLFCN_H 1
| #define LT_OBJDIR ".libs/"
| /* end confdefs.h.  */
| #include <ac_nonexistent.h>
configure:11982: result: arm-linux-g++ -E
configure:12002: arm-linux-g++ -E  conftest.cpp
configure:12002: $? = 0
configure:12016: arm-linux-g++ -E  conftest.cpp
conftest.cpp:23:28: error: ac_nonexistent.h: No such file or directory
configure:12016: $? = 1
configure: failed program was:
| /* confdefs.h */
| #define PACKAGE_NAME "rtorrent"
| #define PACKAGE_TARNAME "rtorrent"
| #define PACKAGE_VERSION "0.8.9"
| #define PACKAGE_STRING "rtorrent 0.8.9"
| #define PACKAGE_BUGREPORT "jaris@ifi.uio.no"
| #define PACKAGE_URL ""
| #define PACKAGE "rtorrent"
| #define VERSION "0.8.9"
| #define STDC_HEADERS 1
| #define HAVE_SYS_TYPES_H 1
| #define HAVE_SYS_STAT_H 1
| #define HAVE_STDLIB_H 1
| #define HAVE_STRING_H 1
| #define HAVE_MEMORY_H 1
| #define HAVE_STRINGS_H 1
| #define HAVE_INTTYPES_H 1
| #define HAVE_STDINT_H 1
| #define HAVE_UNISTD_H 1
| #define HAVE_DLFCN_H 1
| #define LT_OBJDIR ".libs/"
| /* end confdefs.h.  */
| #include <ac_nonexistent.h>
configure:12186: checking for ld used by arm-linux-g++
configure:12253: result: /home/smalik/arm-gcc/opt/FriendlyARM/toolschain/4.4.3/arm-none-linux-gnueabi/bin/ld
configure:12260: checking if the linker (/home/smalik/arm-gcc/opt/FriendlyARM/toolschain/4.4.3/arm-none-linux-gnueabi/bin/ld) is GNU ld
configure:12275: result: yes
configure:12330: checking whether the arm-linux-g++ linker (/home/smalik/arm-gcc/opt/FriendlyARM/toolschain/4.4.3/arm-none-linux-gnueabi/bin/ld) supports shared libraries
configure:13334: result: yes
configure:13369: arm-linux-g++ -c -g -O2  conftest.cpp >&5
configure:13372: $? = 0
configure:13892: checking for arm-linux-g++ option to produce PIC
configure:13899: result: -fPIC -DPIC
configure:13907: checking if arm-linux-g++ PIC flag -fPIC -DPIC works
configure:13925: arm-linux-g++ -c -g -O2  -fPIC -DPIC -DPIC conftest.cpp >&5
configure:13929: $? = 0
configure:13942: result: yes
configure:13965: checking if arm-linux-g++ static flag -static works
configure:13993: result: yes
configure:14005: checking if arm-linux-g++ supports -c -o file.o
configure:14026: arm-linux-g++ -c -g -O2  -o out/conftest2.o conftest.cpp >&5
configure:14030: $? = 0
configure:14052: result: yes
configure:14057: checking if arm-linux-g++ supports -c -o file.o
configure:14104: result: yes
configure:14134: checking whether the arm-linux-g++ linker (/home/smalik/arm-gcc/opt/FriendlyARM/toolschain/4.4.3/arm-none-linux-gnueabi/bin/ld) supports shared libraries
configure:14168: result: yes
configure:14311: checking dynamic linker characteristics
configure:14981: result: GNU/Linux ld.so
configure:15034: checking how to hardcode library paths into programs
configure:15059: result: immediate
configure:15121: checking for user-defined CXXFLAGS
configure:15125: result: user-defined "-g -O2"
configure:15196: checking for special C compiler options needed for large files
configure:15241: result: no
configure:15247: checking for _FILE_OFFSET_BITS value needed for large files
configure:15272: arm-linux-gcc -c -g -O2  conftest.c >&5
conftest.c:29: warning: left shift count >= width of type
conftest.c:29: warning: left shift count >= width of type
conftest.c:31: error: size of array 'off_t_is_large' is negative
configure:15272: $? = 1
configure: failed program was:
| /* confdefs.h */
| #define PACKAGE_NAME "rtorrent"
| #define PACKAGE_TARNAME "rtorrent"
| #define PACKAGE_VERSION "0.8.9"
| #define PACKAGE_STRING "rtorrent 0.8.9"
| #define PACKAGE_BUGREPORT "jaris@ifi.uio.no"
| #define PACKAGE_URL ""
| #define PACKAGE "rtorrent"
| #define VERSION "0.8.9"
| #define STDC_HEADERS 1
| #define HAVE_SYS_TYPES_H 1
| #define HAVE_SYS_STAT_H 1
| #define HAVE_STDLIB_H 1
| #define HAVE_STRING_H 1
| #define HAVE_MEMORY_H 1
| #define HAVE_STRINGS_H 1
| #define HAVE_INTTYPES_H 1
| #define HAVE_STDINT_H 1
| #define HAVE_UNISTD_H 1
| #define HAVE_DLFCN_H 1
| #define LT_OBJDIR ".libs/"
| /* end confdefs.h.  */
| #include <sys/types.h>
|  /* Check that off_t can represent 2**63 - 1 correctly.
|     We can't simply define LARGE_OFF_T to be 9223372036854775807,
|     since some C++ compilers masquerading as C compilers
|     incorrectly reject 9223372036854775807.  */
| #define LARGE_OFF_T (((off_t) 1 << 62) - 1 + ((off_t) 1 << 62))
|   int off_t_is_large[(LARGE_OFF_T % 2147483629 == 721
| 		       && LARGE_OFF_T % 2147483647 == 1)
| 		      ? 1 : -1];
| int
| main ()
| {
| 
|   ;
|   return 0;
| }
configure:15296: arm-linux-gcc -c -g -O2  conftest.c >&5
configure:15296: $? = 0
configure:15304: result: 64
configure:15430: checking for proper overloaded template function disambiguation
configure:15440: arm-linux-g++ -c -g -O2 -g -DDEBUG  conftest.cpp >&5
configure:15440: $? = 0
configure:15442: result: yes
configure:15495: checking for sysroot
configure:15499: result: no
configure:15544: checking for library containing add_wch
configure:15575: arm-linux-gcc -o conftest -g -O2   conftest.c  >&5
/tmp/cc0IrHpr.o: In function `main':
/home/smalik/Downloads/arm/rtorrent/rtorrent-0.8.9/conftest.c:36: undefined reference to `add_wch'
collect2: ld returned 1 exit status
configure:15575: $? = 1
configure: failed program was:
| /* confdefs.h */
| #define PACKAGE_NAME "rtorrent"
| #define PACKAGE_TARNAME "rtorrent"
| #define PACKAGE_VERSION "0.8.9"
| #define PACKAGE_STRING "rtorrent 0.8.9"
| #define PACKAGE_BUGREPORT "jaris@ifi.uio.no"
| #define PACKAGE_URL ""
| #define PACKAGE "rtorrent"
| #define VERSION "0.8.9"
| #define STDC_HEADERS 1
| #define HAVE_SYS_TYPES_H 1
| #define HAVE_SYS_STAT_H 1
| #define HAVE_STDLIB_H 1
| #define HAVE_STRING_H 1
| #define HAVE_MEMORY_H 1
| #define HAVE_STRINGS_H 1
| #define HAVE_INTTYPES_H 1
| #define HAVE_STDINT_H 1
| #define HAVE_UNISTD_H 1
| #define HAVE_DLFCN_H 1
| #define LT_OBJDIR ".libs/"
| #define _FILE_OFFSET_BITS 64
| #define USE_VARIABLE_FDSET 1
| /* end confdefs.h.  */
| 
| /* Override any GCC internal prototype to avoid an error.
|    Use char because int might match the return type of a GCC
|    builtin and then its argument prototype would still apply.  */
| #ifdef __cplusplus
| extern "C"
| #endif
| char add_wch ();
| int
| main ()
| {
| return add_wch ();
|   ;
|   return 0;
| }
configure:15575: arm-linux-gcc -o conftest -g -O2   conftest.c -lncursesw   >&5
/home/smalik/arm-gcc/opt/FriendlyARM/toolschain/4.4.3/bin/../lib/gcc/arm-none-linux-gnueabi/4.4.3/../../../../arm-none-linux-gnueabi/bin/ld: cannot find -lncursesw
collect2: ld returned 1 exit status
configure:15575: $? = 1
configure: failed program was:
| /* confdefs.h */
| #define PACKAGE_NAME "rtorrent"
| #define PACKAGE_TARNAME "rtorrent"
| #define PACKAGE_VERSION "0.8.9"
| #define PACKAGE_STRING "rtorrent 0.8.9"
| #define PACKAGE_BUGREPORT "jaris@ifi.uio.no"
| #define PACKAGE_URL ""
| #define PACKAGE "rtorrent"
| #define VERSION "0.8.9"
| #define STDC_HEADERS 1
| #define HAVE_SYS_TYPES_H 1
| #define HAVE_SYS_STAT_H 1
| #define HAVE_STDLIB_H 1
| #define HAVE_STRING_H 1
| #define HAVE_MEMORY_H 1
| #define HAVE_STRINGS_H 1
| #define HAVE_INTTYPES_H 1
| #define HAVE_STDINT_H 1
| #define HAVE_UNISTD_H 1
| #define HAVE_DLFCN_H 1
| #define LT_OBJDIR ".libs/"
| #define _FILE_OFFSET_BITS 64
| #define USE_VARIABLE_FDSET 1
| /* end confdefs.h.  */
| 
| /* Override any GCC internal prototype to avoid an error.
|    Use char because int might match the return type of a GCC
|    builtin and then its argument prototype would still apply.  */
| #ifdef __cplusplus
| extern "C"
| #endif
| char add_wch ();
| int
| main ()
| {
| return add_wch ();
|   ;
|   return 0;
| }
configure:15592: result: no
configure:15601: checking for library containing wbkgdset
configure:15632: arm-linux-gcc -o conftest -g -O2   conftest.c  >&5
/tmp/ccCchwoF.o: In function `main':
/home/smalik/Downloads/arm/rtorrent/rtorrent-0.8.9/conftest.c:36: undefined reference to `wbkgdset'
collect2: ld returned 1 exit status
configure:15632: $? = 1
configure: failed program was:
| /* confdefs.h */
| #define PACKAGE_NAME "rtorrent"
| #define PACKAGE_TARNAME "rtorrent"
| #define PACKAGE_VERSION "0.8.9"
| #define PACKAGE_STRING "rtorrent 0.8.9"
| #define PACKAGE_BUGREPORT "jaris@ifi.uio.no"
| #define PACKAGE_URL ""
| #define PACKAGE "rtorrent"
| #define VERSION "0.8.9"
| #define STDC_HEADERS 1
| #define HAVE_SYS_TYPES_H 1
| #define HAVE_SYS_STAT_H 1
| #define HAVE_STDLIB_H 1
| #define HAVE_STRING_H 1
| #define HAVE_MEMORY_H 1
| #define HAVE_STRINGS_H 1
| #define HAVE_INTTYPES_H 1
| #define HAVE_STDINT_H 1
| #define HAVE_UNISTD_H 1
| #define HAVE_DLFCN_H 1
| #define LT_OBJDIR ".libs/"
| #define _FILE_OFFSET_BITS 64
| #define USE_VARIABLE_FDSET 1
| /* end confdefs.h.  */
| 
| /* Override any GCC internal prototype to avoid an error.
|    Use char because int might match the return type of a GCC
|    builtin and then its argument prototype would still apply.  */
| #ifdef __cplusplus
| extern "C"
| #endif
| char wbkgdset ();
| int
| main ()
| {
| return wbkgdset ();
|   ;
|   return 0;
| }
configure:15632: arm-linux-gcc -o conftest -g -O2   conftest.c -lncurses   >&5
/home/smalik/arm-gcc/opt/FriendlyARM/toolschain/4.4.3/bin/../lib/gcc/arm-none-linux-gnueabi/4.4.3/../../../../arm-none-linux-gnueabi/bin/ld: cannot find -lncurses
collect2: ld returned 1 exit status
configure:15632: $? = 1
configure: failed program was:
| /* confdefs.h */
| #define PACKAGE_NAME "rtorrent"
| #define PACKAGE_TARNAME "rtorrent"
| #define PACKAGE_VERSION "0.8.9"
| #define PACKAGE_STRING "rtorrent 0.8.9"
| #define PACKAGE_BUGREPORT "jaris@ifi.uio.no"
| #define PACKAGE_URL ""
| #define PACKAGE "rtorrent"
| #define VERSION "0.8.9"
| #define STDC_HEADERS 1
| #define HAVE_SYS_TYPES_H 1
| #define HAVE_SYS_STAT_H 1
| #define HAVE_STDLIB_H 1
| #define HAVE_STRING_H 1
| #define HAVE_MEMORY_H 1
| #define HAVE_STRINGS_H 1
| #define HAVE_INTTYPES_H 1
| #define HAVE_STDINT_H 1
| #define HAVE_UNISTD_H 1
| #define HAVE_DLFCN_H 1
| #define LT_OBJDIR ".libs/"
| #define _FILE_OFFSET_BITS 64
| #define USE_VARIABLE_FDSET 1
| /* end confdefs.h.  */
| 
| /* Override any GCC internal prototype to avoid an error.
|    Use char because int might match the return type of a GCC
|    builtin and then its argument prototype would still apply.  */
| #ifdef __cplusplus
| extern "C"
| #endif
| char wbkgdset ();
| int
| main ()
| {
| return wbkgdset ();
|   ;
|   return 0;
| }
configure:15632: arm-linux-gcc -o conftest -g -O2   conftest.c -lcurses   >&5
/home/smalik/arm-gcc/opt/FriendlyARM/toolschain/4.4.3/bin/../lib/gcc/arm-none-linux-gnueabi/4.4.3/../../../../arm-none-linux-gnueabi/bin/ld: cannot find -lcurses
collect2: ld returned 1 exit status
configure:15632: $? = 1
configure: failed program was:
| /* confdefs.h */
| #define PACKAGE_NAME "rtorrent"
| #define PACKAGE_TARNAME "rtorrent"
| #define PACKAGE_VERSION "0.8.9"
| #define PACKAGE_STRING "rtorrent 0.8.9"
| #define PACKAGE_BUGREPORT "jaris@ifi.uio.no"
| #define PACKAGE_URL ""
| #define PACKAGE "rtorrent"
| #define VERSION "0.8.9"
| #define STDC_HEADERS 1
| #define HAVE_SYS_TYPES_H 1
| #define HAVE_SYS_STAT_H 1
| #define HAVE_STDLIB_H 1
| #define HAVE_STRING_H 1
| #define HAVE_MEMORY_H 1
| #define HAVE_STRINGS_H 1
| #define HAVE_INTTYPES_H 1
| #define HAVE_STDINT_H 1
| #define HAVE_UNISTD_H 1
| #define HAVE_DLFCN_H 1
| #define LT_OBJDIR ".libs/"
| #define _FILE_OFFSET_BITS 64
| #define USE_VARIABLE_FDSET 1
| /* end confdefs.h.  */
| 
| /* Override any GCC internal prototype to avoid an error.
|    Use char because int might match the return type of a GCC
|    builtin and then its argument prototype would still apply.  */
| #ifdef __cplusplus
| extern "C"
| #endif
| char wbkgdset ();
| int
| main ()
| {
| return wbkgdset ();
|   ;
|   return 0;
| }
configure:15649: result: no
configure:15940: checking sys/vfs.h usability
configure:15940: arm-linux-gcc -c -g -O2  conftest.c >&5
configure:15940: $? = 0
configure:15940: result: yes
configure:15940: checking sys/vfs.h presence
configure:15940: arm-linux-gcc -E  conftest.c
configure:15940: $? = 0
configure:15940: result: yes
configure:15940: checking for sys/vfs.h
configure:15940: result: yes
configure:15940: checking sys/statvfs.h usability
configure:15940: arm-linux-gcc -c -g -O2  conftest.c >&5
configure:15940: $? = 0
configure:15940: result: yes
configure:15940: checking sys/statvfs.h presence
configure:15940: arm-linux-gcc -E  conftest.c
configure:15940: $? = 0
configure:15940: result: yes
configure:15940: checking for sys/statvfs.h
configure:15940: result: yes
configure:15940: checking sys/statfs.h usability
configure:15940: arm-linux-gcc -c -g -O2  conftest.c >&5
configure:15940: $? = 0
configure:15940: result: yes
configure:15940: checking sys/statfs.h presence
configure:15940: arm-linux-gcc -E  conftest.c
configure:15940: $? = 0
configure:15940: result: yes
configure:15940: checking for sys/statfs.h
configure:15940: result: yes
configure:15951: checking for statvfs
configure:15979: arm-linux-gcc -o conftest -g -O2   conftest.c  >&5
configure:15979: $? = 0
configure:15999: result: ok
configure:16247: checking for arm-linux-pkg-config
configure:16280: result: no
configure:16290: checking for pkg-config
configure:16308: found /usr/bin/pkg-config
configure:16320: result: /usr/bin/pkg-config
configure:16332: WARNING: using cross tools not prefixed with host triplet
configure:16345: checking pkg-config is at least version 0.9.0
configure:16348: result: yes
configure:16358: checking for sigc
configure:16365: $PKG_CONFIG --exists --print-errors "sigc++-2.0"
Package sigc++-2.0 was not found in the pkg-config search path.
Perhaps you should add the directory containing `sigc++-2.0.pc'
to the PKG_CONFIG_PATH environment variable
No package 'sigc++-2.0' found
configure:16368: $? = 1
configure:16381: $PKG_CONFIG --exists --print-errors "sigc++-2.0"
Package sigc++-2.0 was not found in the pkg-config search path.
Perhaps you should add the directory containing `sigc++-2.0.pc'
to the PKG_CONFIG_PATH environment variable
No package 'sigc++-2.0' found
configure:16384: $? = 1
configure:16397: result: no
No package 'sigc++-2.0' found
configure:16413: error: Package requirements (sigc++-2.0) were not met:

No package 'sigc++-2.0' found

Consider adjusting the PKG_CONFIG_PATH environment variable if you
installed software in a non-standard prefix.

Alternatively, you may set the environment variables sigc_CFLAGS
and sigc_LIBS to avoid the need to call pkg-config.
See the pkg-config man page for more details.

## ---------------- ##
## Cache variables. ##
## ---------------- ##

ac_cv_build=x86_64-unknown-linux-gnu
ac_cv_c_compiler_gnu=yes
ac_cv_cxx_compiler_gnu=yes
ac_cv_env_CCC_set=
ac_cv_env_CCC_value=
ac_cv_env_CC_set=
ac_cv_env_CC_value=
ac_cv_env_CFLAGS_set=
ac_cv_env_CFLAGS_value=
ac_cv_env_CPPFLAGS_set=
ac_cv_env_CPPFLAGS_value=
ac_cv_env_CPP_set=
ac_cv_env_CPP_value=
ac_cv_env_CXXCPP_set=
ac_cv_env_CXXCPP_value=
ac_cv_env_CXXFLAGS_set=
ac_cv_env_CXXFLAGS_value=
ac_cv_env_CXX_set=
ac_cv_env_CXX_value=
ac_cv_env_LDFLAGS_set=
ac_cv_env_LDFLAGS_value=
ac_cv_env_LIBS_set=
ac_cv_env_LIBS_value=
ac_cv_env_PKG_CONFIG_LIBDIR_set=
ac_cv_env_PKG_CONFIG_LIBDIR_value=
ac_cv_env_PKG_CONFIG_PATH_set=
ac_cv_env_PKG_CONFIG_PATH_value=
ac_cv_env_PKG_CONFIG_set=
ac_cv_env_PKG_CONFIG_value=
ac_cv_env_build_alias_set=
ac_cv_env_build_alias_value=
ac_cv_env_host_alias_set=set
ac_cv_env_host_alias_value=arm-linux
ac_cv_env_libcurl_CFLAGS_set=
ac_cv_env_libcurl_CFLAGS_value=
ac_cv_env_libcurl_LIBS_set=
ac_cv_env_libcurl_LIBS_value=
ac_cv_env_libtorrent_CFLAGS_set=
ac_cv_env_libtorrent_CFLAGS_value=
ac_cv_env_libtorrent_LIBS_set=
ac_cv_env_libtorrent_LIBS_value=
ac_cv_env_sigc_CFLAGS_set=
ac_cv_env_sigc_CFLAGS_value=
ac_cv_env_sigc_LIBS_set=
ac_cv_env_sigc_LIBS_value=
ac_cv_env_target_alias_set=
ac_cv_env_target_alias_value=
ac_cv_header_dlfcn_h=yes
ac_cv_header_inttypes_h=yes
ac_cv_header_memory_h=yes
ac_cv_header_stdc=yes
ac_cv_header_stdint_h=yes
ac_cv_header_stdlib_h=yes
ac_cv_header_string_h=yes
ac_cv_header_strings_h=yes
ac_cv_header_sys_stat_h=yes
ac_cv_header_sys_statfs_h=yes
ac_cv_header_sys_statvfs_h=yes
ac_cv_header_sys_types_h=yes
ac_cv_header_sys_vfs_h=yes
ac_cv_header_unistd_h=yes
ac_cv_host=arm-unknown-linux-gnu
ac_cv_objext=o
ac_cv_path_CPPUNIT_CONFIG=no
ac_cv_path_EGREP='/bin/grep -E'
ac_cv_path_FGREP='/bin/grep -F'
ac_cv_path_GREP=/bin/grep
ac_cv_path_SED=/bin/sed
ac_cv_path_ac_pt_PKG_CONFIG=/usr/bin/pkg-config
ac_cv_path_install='/usr/bin/install -c'
ac_cv_path_mkdir=/bin/mkdir
ac_cv_prog_AR=arm-linux-ar
ac_cv_prog_AWK=gawk
ac_cv_prog_CC=arm-linux-gcc
ac_cv_prog_CPP='arm-linux-gcc -E'
ac_cv_prog_CXX=arm-linux-g++
ac_cv_prog_CXXCPP='arm-linux-g++ -E'
ac_cv_prog_OBJDUMP=arm-linux-objdump
ac_cv_prog_RANLIB=arm-linux-ranlib
ac_cv_prog_STRIP=arm-linux-strip
ac_cv_prog_cc_c89=
ac_cv_prog_cc_g=yes
ac_cv_prog_cxx_g=yes
ac_cv_prog_make_make_set=yes
ac_cv_search_add_wch=no
ac_cv_search_wbkgdset=no
ac_cv_sys_file_offset_bits=64
ac_cv_sys_largefile_CC=no
am_cv_CC_dependencies_compiler_type=gcc3
am_cv_CXX_dependencies_compiler_type=gcc3
lt_cv_ar_at_file=@
lt_cv_archive_cmds_need_lc=no
lt_cv_deplibs_check_method=pass_all
lt_cv_file_magic_cmd='$MAGIC_CMD'
lt_cv_file_magic_test_file=
lt_cv_ld_reload_flag=-r
lt_cv_nm_interface='BSD nm'
lt_cv_objdir=.libs
lt_cv_path_LD=/home/smalik/arm-gcc/opt/FriendlyARM/toolschain/4.4.3/arm-none-linux-gnueabi/bin/ld
lt_cv_path_LDCXX=/home/smalik/arm-gcc/opt/FriendlyARM/toolschain/4.4.3/arm-none-linux-gnueabi/bin/ld
lt_cv_path_NM='/home/smalik/arm-gcc/opt/FriendlyARM/toolschain/4.4.3/bin/arm-linux-nm -B'
lt_cv_path_mainfest_tool=no
lt_cv_prog_compiler_c_o=yes
lt_cv_prog_compiler_c_o_CXX=yes
lt_cv_prog_compiler_pic='-fPIC -DPIC'
lt_cv_prog_compiler_pic_CXX='-fPIC -DPIC'
lt_cv_prog_compiler_pic_works=yes
lt_cv_prog_compiler_pic_works_CXX=yes
lt_cv_prog_compiler_rtti_exceptions=no
lt_cv_prog_compiler_static_works=yes
lt_cv_prog_compiler_static_works_CXX=yes
lt_cv_prog_gnu_ld=yes
lt_cv_prog_gnu_ldcxx=yes
lt_cv_sharedlib_from_linklib_cmd='printf %s\n'
lt_cv_shlibpath_overrides_runpath=yes
lt_cv_sys_global_symbol_pipe='sed -n -e '\''s/^.*[	 ]\([ABCDGIRSTW][ABCDGIRSTW]*\)[	 ][	 ]*\([_A-Za-z][_A-Za-z0-9]*\)$/\1 \2 \2/p'\'' | sed '\''/ __gnu_lto/d'\'''
lt_cv_sys_global_symbol_to_c_name_address='sed -n -e '\''s/^: \([^ ]*\)[ ]*$/  {\"\1\", (void *) 0},/p'\'' -e '\''s/^[ABCDGIRSTW]* \([^ ]*\) \([^ ]*\)$/  {"\2", (void *) \&\2},/p'\'''
lt_cv_sys_global_symbol_to_c_name_address_lib_prefix='sed -n -e '\''s/^: \([^ ]*\)[ ]*$/  {\"\1\", (void *) 0},/p'\'' -e '\''s/^[ABCDGIRSTW]* \([^ ]*\) \(lib[^ ]*\)$/  {"\2", (void *) \&\2},/p'\'' -e '\''s/^[ABCDGIRSTW]* \([^ ]*\) \([^ ]*\)$/  {"lib\2", (void *) \&\2},/p'\'''
lt_cv_sys_global_symbol_to_cdecl='sed -n -e '\''s/^T .* \(.*\)$/extern int \1();/p'\'' -e '\''s/^[ABCDGIRSTW]* .* \(.*\)$/extern char \1;/p'\'''
lt_cv_sys_max_cmd_len=1572864
lt_cv_to_host_file_cmd=func_convert_file_noop
lt_cv_to_tool_file_cmd=func_convert_file_noop

## ----------------- ##
## Output variables. ##
## ----------------- ##

ACLOCAL='${SHELL} /home/smalik/Downloads/arm/rtorrent/rtorrent-0.8.9/missing --run aclocal-1.11'
AMDEPBACKSLASH='\'
AMDEP_FALSE='#'
AMDEP_TRUE=''
AMTAR='${SHELL} /home/smalik/Downloads/arm/rtorrent/rtorrent-0.8.9/missing --run tar'
AR='arm-linux-ar'
AUTOCONF='${SHELL} /home/smalik/Downloads/arm/rtorrent/rtorrent-0.8.9/missing --run autoconf'
AUTOHEADER='${SHELL} /home/smalik/Downloads/arm/rtorrent/rtorrent-0.8.9/missing --run autoheader'
AUTOMAKE='${SHELL} /home/smalik/Downloads/arm/rtorrent/rtorrent-0.8.9/missing --run automake-1.11'
AWK='gawk'
CC='arm-linux-gcc'
CCDEPMODE='depmode=gcc3'
CFLAGS='-g -O2'
CPP='arm-linux-gcc -E'
CPPFLAGS=''
CPPUNIT_CFLAGS=''
CPPUNIT_CONFIG='no'
CPPUNIT_LIBS=''
CXX='arm-linux-g++'
CXXCPP='arm-linux-g++ -E'
CXXDEPMODE='depmode=gcc3'
CXXFLAGS='-g -O2 -g -DDEBUG'
CYGPATH_W='echo'
DEFS=''
DEPDIR='.deps'
DLLTOOL='false'
DSYMUTIL=''
DUMPBIN=''
ECHO_C=''
ECHO_N='-n'
ECHO_T=''
EGREP='/bin/grep -E'
EXEEXT=''
FGREP='/bin/grep -F'
GREP='/bin/grep'
INSTALL_DATA='${INSTALL} -m 644'
INSTALL_PROGRAM='${INSTALL}'
INSTALL_SCRIPT='${INSTALL}'
INSTALL_STRIP_PROGRAM='$(install_sh) -c -s'
LD='/home/smalik/arm-gcc/opt/FriendlyARM/toolschain/4.4.3/arm-none-linux-gnueabi/bin/ld'
LDFLAGS=''
LIBOBJS=''
LIBS=''
LIBTOOL='$(SHELL) $(top_builddir)/libtool'
LIPO=''
LN_S='ln -s'
LTLIBOBJS=''
MAKEINFO='${SHELL} /home/smalik/Downloads/arm/rtorrent/rtorrent-0.8.9/missing --run makeinfo'
MANIFEST_TOOL=':'
MKDIR_P='/bin/mkdir -p'
NM='/home/smalik/arm-gcc/opt/FriendlyARM/toolschain/4.4.3/bin/arm-linux-nm -B'
NMEDIT=''
OBJDUMP='arm-linux-objdump'
OBJEXT='o'
OTOOL64=''
OTOOL=''
PACKAGE='rtorrent'
PACKAGE_BUGREPORT='jaris@ifi.uio.no'
PACKAGE_NAME='rtorrent'
PACKAGE_STRING='rtorrent 0.8.9'
PACKAGE_TARNAME='rtorrent'
PACKAGE_URL=''
PACKAGE_VERSION='0.8.9'
PATH_SEPARATOR=':'
PKG_CONFIG='/usr/bin/pkg-config'
PKG_CONFIG_LIBDIR=''
PKG_CONFIG_PATH=''
RANLIB='arm-linux-ranlib'
SED='/bin/sed'
SET_MAKE=''
SHELL='/bin/sh'
STRIP='arm-linux-strip'
VERSION='0.8.9'
ac_ct_AR=''
ac_ct_CC=''
ac_ct_CXX=''
ac_ct_DUMPBIN=''
am__EXEEXT_FALSE=''
am__EXEEXT_TRUE=''
am__fastdepCC_FALSE='#'
am__fastdepCC_TRUE=''
am__fastdepCXX_FALSE='#'
am__fastdepCXX_TRUE=''
am__include='include'
am__isrc=''
am__leading_dot='.'
am__quote=''
am__tar='${AMTAR} chof - "$$tardir"'
am__untar='${AMTAR} xf -'
bindir='${exec_prefix}/bin'
build='x86_64-unknown-linux-gnu'
build_alias=''
build_cpu='x86_64'
build_os='linux-gnu'
build_vendor='unknown'
datadir='${datarootdir}'
datarootdir='${prefix}/share'
docdir='${datarootdir}/doc/${PACKAGE_TARNAME}'
dvidir='${docdir}'
exec_prefix='NONE'
host='arm-unknown-linux-gnu'
host_alias='arm-linux'
host_cpu='arm'
host_os='linux-gnu'
host_vendor='unknown'
htmldir='${docdir}'
includedir='${prefix}/include'
infodir='${datarootdir}/info'
install_sh='${SHELL} /home/smalik/Downloads/arm/rtorrent/rtorrent-0.8.9/install-sh'
libcurl_CFLAGS=''
libcurl_LIBS=''
libdir='${exec_prefix}/lib'
libexecdir='${exec_prefix}/libexec'
libtorrent_CFLAGS=''
libtorrent_LIBS=''
localedir='${datarootdir}/locale'
localstatedir='${prefix}/var'
mandir='${datarootdir}/man'
mkdir_p='/bin/mkdir -p'
oldincludedir='/usr/include'
pdfdir='${docdir}'
prefix='NONE'
program_transform_name='s,x,x,'
psdir='${docdir}'
sbindir='${exec_prefix}/sbin'
sharedstatedir='${prefix}/com'
sigc_CFLAGS=''
sigc_LIBS=''
sysconfdir='${prefix}/etc'
target_alias=''

## ----------- ##
## confdefs.h. ##
## ----------- ##

/* confdefs.h */
#define PACKAGE_NAME "rtorrent"
#define PACKAGE_TARNAME "rtorrent"
#define PACKAGE_VERSION "0.8.9"
#define PACKAGE_STRING "rtorrent 0.8.9"
#define PACKAGE_BUGREPORT "jaris@ifi.uio.no"
#define PACKAGE_URL ""
#define PACKAGE "rtorrent"
#define VERSION "0.8.9"
#define STDC_HEADERS 1
#define HAVE_SYS_TYPES_H 1
#define HAVE_SYS_STAT_H 1
#define HAVE_STDLIB_H 1
#define HAVE_STRING_H 1
#define HAVE_MEMORY_H 1
#define HAVE_STRINGS_H 1
#define HAVE_INTTYPES_H 1
#define HAVE_STDINT_H 1
#define HAVE_UNISTD_H 1
#define HAVE_DLFCN_H 1
#define LT_OBJDIR ".libs/"
#define _FILE_OFFSET_BITS 64
#define USE_VARIABLE_FDSET 1
#define HAVE_SYS_VFS_H 1
#define HAVE_SYS_STATVFS_H 1
#define HAVE_SYS_STATFS_H 1
#define FS_STAT_FD fstatvfs(fd, &m_stat) == 0
#define FS_STAT_FN statvfs(fn, &m_stat) == 0
#define FS_STAT_STRUCT struct statvfs
#define FS_STAT_SIZE_TYPE unsigned long
#define FS_STAT_COUNT_TYPE fsblkcnt_t
#define FS_STAT_BLOCK_SIZE (m_stat.f_frsize)

configure: exit 1
