This file contains any messages produced by compilers while
running configure, to aid debugging if configure makes a mistake.

It was created by libtorrent configure 0.12.9, which was
generated by GNU Autoconf 2.68.  Invocation command line was

  $ ./configure --host=arm-linux

## --------- ##
## Platform. ##
## --------- ##

hostname = smalik-laptop
uname -m = x86_64
uname -r = 3.1.6-1.fc16.x86_64
uname -s = Linux
uname -v = #1 SMP Wed Dec 21 22:41:17 UTC 2011

/usr/bin/uname -p = unknown
/bin/uname -X     = unknown

/bin/arch              = x86_64
/usr/bin/arch -k       = unknown
/usr/convex/getsysinfo = unknown
/usr/bin/hostinfo      = unknown
/bin/machine           = unknown
/usr/bin/oslevel       = unknown
/bin/universe          = unknown

PATH: /home/smalik/Downloads/firefox
PATH: /home/smalik/Downloads/jazz/scmtools/eclipse
PATH: /home/smalik/Downloads/firefox
PATH: /home/smalik/Downloads/jazz/scmtools/eclipse
PATH: /usr/local/bin
PATH: /bin
PATH: /usr/bin
PATH: /usr/local/sbin
PATH: /usr/sbin
PATH: /sbin
PATH: /opt/lodev3.5//program
PATH: /opt/ibm/c4eb/bin
PATH: /home/smalik/bin
PATH: /usr/kerberos/bin
PATH: /home/smalik/arm-gcc/opt/FriendlyARM/toolschain/4.4.3/bin


## ----------- ##
## Core tests. ##
## ----------- ##

configure:2625: checking for a BSD-compatible install
configure:2693: result: /usr/bin/install -c
configure:2704: checking whether build environment is sane
configure:2754: result: yes
configure:2803: checking for arm-linux-strip
configure:2819: found /home/smalik/arm-gcc/opt/FriendlyARM/toolschain/4.4.3/bin/arm-linux-strip
configure:2830: result: arm-linux-strip
configure:2895: checking for a thread-safe mkdir -p
configure:2934: result: /bin/mkdir -p
configure:2947: checking for gawk
configure:2963: found /bin/gawk
configure:2974: result: gawk
configure:2985: checking whether make sets $(MAKE)
configure:3007: result: yes
configure:3123: checking for cppunit-config
configure:3154: result: no
configure:3164: checking for Cppunit - version >= 1.9.6
configure:3168: result: no
configure:3319: checking build system type
configure:3333: result: x86_64-unknown-linux-gnu
configure:3353: checking host system type
configure:3366: result: arm-unknown-linux-gnu
configure:3407: checking how to print strings
configure:3434: result: printf
configure:3467: checking for style of include used by make
configure:3495: result: GNU
configure:3525: checking for arm-linux-gcc
configure:3541: found /home/smalik/arm-gcc/opt/FriendlyARM/toolschain/4.4.3/bin/arm-linux-gcc
configure:3552: result: arm-linux-gcc
configure:3821: checking for C compiler version
configure:3830: arm-linux-gcc --version >&5
.arm-none-linux-gnueabi-gcc (ctng-1.6.1) 4.4.3
Copyright (C) 2010 Free Software Foundation, Inc.
This is free software; see the source for copying conditions.  There is NO
warranty; not even for MERCHANTABILITY or FITNESS FOR A PARTICULAR PURPOSE.

configure:3841: $? = 0
configure:3830: arm-linux-gcc -v >&5
Using built-in specs.
Target: arm-none-linux-gnueabi
Configured with: /opt/FriendlyARM/mini2440/build-toolschain/working/src/gcc-4.4.3/configure --build=i386-build_redhat-linux-gnu --host=i386-build_redhat-linux-gnu --target=arm-none-linux-gnueabi --prefix=/opt/FriendlyARM/toolschain/4.4.3 --with-sysroot=/opt/FriendlyARM/toolschain/4.4.3/arm-none-linux-gnueabi//sys-root --enable-languages=c,c++ --disable-multilib --with-arch=armv4t --with-cpu=arm920t --with-tune=arm920t --with-float=soft --with-pkgversion=ctng-1.6.1 --disable-sjlj-exceptions --enable-__cxa_atexit --with-gmp=/opt/FriendlyARM/toolschain/4.4.3 --with-mpfr=/opt/FriendlyARM/toolschain/4.4.3 --with-ppl=/opt/FriendlyARM/toolschain/4.4.3 --with-cloog=/opt/FriendlyARM/toolschain/4.4.3 --with-mpc=/opt/FriendlyARM/toolschain/4.4.3 --with-local-prefix=/opt/FriendlyARM/toolschain/4.4.3/arm-none-linux-gnueabi//sys-root --disable-nls --enable-threads=posix --enable-symvers=gnu --enable-c99 --enable-long-long --enable-target-optspace
Thread model: posix
gcc version 4.4.3 (ctng-1.6.1) 
configure:3841: $? = 0
configure:3830: arm-linux-gcc -V >&5
.arm-none-linux-gnueabi-gcc: '-V' option must have argument
configure:3841: $? = 1
configure:3830: arm-linux-gcc -qversion >&5
.arm-none-linux-gnueabi-gcc: unrecognized option '-qversion'
.arm-none-linux-gnueabi-gcc: no input files
configure:3841: $? = 1
configure:3861: checking whether the C compiler works
configure:3883: arm-linux-gcc    conftest.c  >&5
configure:3887: $? = 0
configure:3935: result: yes
configure:3938: checking for C compiler default output file name
configure:3940: result: a.out
configure:3946: checking for suffix of executables
configure:3953: arm-linux-gcc -o conftest    conftest.c  >&5
configure:3957: $? = 0
configure:3979: result: 
configure:4001: checking whether we are cross compiling
configure:4009: arm-linux-gcc -o conftest    conftest.c  >&5
configure:4013: $? = 0
configure:4020: ./conftest
./configure: line 4022: ./conftest: cannot execute binary file
configure:4024: $? = 126
configure:4039: result: yes
configure:4044: checking for suffix of object files
configure:4066: arm-linux-gcc -c   conftest.c >&5
configure:4070: $? = 0
configure:4091: result: o
configure:4095: checking whether we are using the GNU C compiler
configure:4114: arm-linux-gcc -c   conftest.c >&5
configure:4114: $? = 0
configure:4123: result: yes
configure:4132: checking whether arm-linux-gcc accepts -g
configure:4152: arm-linux-gcc -c -g  conftest.c >&5
configure:4152: $? = 0
configure:4193: result: yes
configure:4210: checking for arm-linux-gcc option to accept ISO C89
configure:4274: arm-linux-gcc  -c -g -O2  conftest.c >&5
configure:4274: $? = 0
configure:4287: result: none needed
configure:4309: checking dependency style of arm-linux-gcc
configure:4419: result: gcc3
configure:4434: checking for a sed that does not truncate output
configure:4498: result: /bin/sed
configure:4516: checking for grep that handles long lines and -e
configure:4574: result: /bin/grep
configure:4579: checking for egrep
configure:4641: result: /bin/grep -E
configure:4646: checking for fgrep
configure:4708: result: /bin/grep -F
configure:4743: checking for ld used by arm-linux-gcc
configure:4810: result: /home/smalik/arm-gcc/opt/FriendlyARM/toolschain/4.4.3/arm-none-linux-gnueabi/bin/ld
configure:4817: checking if the linker (/home/smalik/arm-gcc/opt/FriendlyARM/toolschain/4.4.3/arm-none-linux-gnueabi/bin/ld) is GNU ld
configure:4832: result: yes
configure:4844: checking for BSD- or MS-compatible name lister (nm)
configure:4893: result: /home/smalik/arm-gcc/opt/FriendlyARM/toolschain/4.4.3/bin/arm-linux-nm -B
configure:5023: checking the name lister (/home/smalik/arm-gcc/opt/FriendlyARM/toolschain/4.4.3/bin/arm-linux-nm -B) interface
configure:5030: arm-linux-gcc -c -g -O2  conftest.c >&5
configure:5033: /home/smalik/arm-gcc/opt/FriendlyARM/toolschain/4.4.3/bin/arm-linux-nm -B "conftest.o"
configure:5036: output
00000000 B some_variable
configure:5043: result: BSD nm
configure:5046: checking whether ln -s works
configure:5050: result: yes
configure:5058: checking the maximum length of command line arguments
configure:5183: result: 1572864
configure:5200: checking whether the shell understands some XSI constructs
configure:5210: result: yes
configure:5214: checking whether the shell understands "+="
configure:5220: result: yes
configure:5255: checking how to convert x86_64-unknown-linux-gnu file names to arm-unknown-linux-gnu format
configure:5295: result: func_convert_file_noop
configure:5302: checking how to convert x86_64-unknown-linux-gnu file names to toolchain format
configure:5322: result: func_convert_file_noop
configure:5329: checking for /home/smalik/arm-gcc/opt/FriendlyARM/toolschain/4.4.3/arm-none-linux-gnueabi/bin/ld option to reload object files
configure:5336: result: -r
configure:5370: checking for arm-linux-objdump
configure:5386: found /home/smalik/arm-gcc/opt/FriendlyARM/toolschain/4.4.3/bin/arm-linux-objdump
configure:5397: result: arm-linux-objdump
configure:5469: checking how to recognize dependent libraries
configure:5671: result: pass_all
configure:5716: checking for arm-linux-dlltool
configure:5746: result: no
configure:5756: checking for dlltool
configure:5786: result: no
configure:5816: checking how to associate runtime and link libraries
configure:5843: result: printf %s\n
configure:5860: checking for arm-linux-ar
configure:5876: found /home/smalik/arm-gcc/opt/FriendlyARM/toolschain/4.4.3/bin/arm-linux-ar
configure:5887: result: arm-linux-ar
configure:5968: checking for archiver @FILE support
configure:5985: arm-linux-gcc -c -g -O2  conftest.c >&5
configure:5985: $? = 0
configure:5988: arm-linux-ar cru libconftest.a @conftest.lst >&5
configure:5991: $? = 0
configure:5996: arm-linux-ar cru libconftest.a @conftest.lst >&5
/home/smalik/arm-gcc/opt/FriendlyARM/toolschain/4.4.3/bin/.arm-none-linux-gnueabi-ar: conftest.o: No such file or directory
configure:5999: $? = 1
configure:6011: result: @
configure:6029: checking for arm-linux-strip
configure:6056: result: arm-linux-strip
configure:6128: checking for arm-linux-ranlib
configure:6144: found /home/smalik/arm-gcc/opt/FriendlyARM/toolschain/4.4.3/bin/arm-linux-ranlib
configure:6155: result: arm-linux-ranlib
configure:6297: checking command to parse /home/smalik/arm-gcc/opt/FriendlyARM/toolschain/4.4.3/bin/arm-linux-nm -B output from arm-linux-gcc object
configure:6416: arm-linux-gcc -c -g -O2  conftest.c >&5
configure:6419: $? = 0
configure:6423: /home/smalik/arm-gcc/opt/FriendlyARM/toolschain/4.4.3/bin/arm-linux-nm -B conftest.o \| sed -n -e 's/^.*[ ]\([ABCDGIRSTW][ABCDGIRSTW]*\)[ ][ ]*\([_A-Za-z][_A-Za-z0-9]*\)$/\1 \2 \2/p' | sed '/ __gnu_lto/d' \> conftest.nm
configure:6426: $? = 0
configure:6492: arm-linux-gcc -o conftest -g -O2   conftest.c conftstm.o >&5
configure:6495: $? = 0
configure:6533: result: ok
configure:6570: checking for sysroot
configure:6600: result: no
configure:6803: checking for arm-linux-mt
configure:6833: result: no
configure:6843: checking for mt
configure:6873: result: no
configure:6893: checking if : is a manifest tool
configure:6899: : '-?'
configure:6907: result: no
configure:7539: checking how to run the C preprocessor
configure:7570: arm-linux-gcc -E  conftest.c
configure:7570: $? = 0
configure:7584: arm-linux-gcc -E  conftest.c
conftest.c:13:28: error: ac_nonexistent.h: No such file or directory
configure:7584: $? = 1
configure: failed program was:
| /* confdefs.h */
| #define PACKAGE_NAME "libtorrent"
| #define PACKAGE_TARNAME "libtorrent"
| #define PACKAGE_VERSION "0.12.9"
| #define PACKAGE_STRING "libtorrent 0.12.9"
| #define PACKAGE_BUGREPORT "jaris@ifi.uio.no"
| #define PACKAGE_URL ""
| #define PEER_NAME "-lt0C90-"
| #define PEER_VERSION "lt\x0C\x90"
| #define PACKAGE "libtorrent"
| #define VERSION "0.12.9"
| /* end confdefs.h.  */
| #include <ac_nonexistent.h>
configure:7609: result: arm-linux-gcc -E
configure:7629: arm-linux-gcc -E  conftest.c
configure:7629: $? = 0
configure:7643: arm-linux-gcc -E  conftest.c
conftest.c:13:28: error: ac_nonexistent.h: No such file or directory
configure:7643: $? = 1
configure: failed program was:
| /* confdefs.h */
| #define PACKAGE_NAME "libtorrent"
| #define PACKAGE_TARNAME "libtorrent"
| #define PACKAGE_VERSION "0.12.9"
| #define PACKAGE_STRING "libtorrent 0.12.9"
| #define PACKAGE_BUGREPORT "jaris@ifi.uio.no"
| #define PACKAGE_URL ""
| #define PEER_NAME "-lt0C90-"
| #define PEER_VERSION "lt\x0C\x90"
| #define PACKAGE "libtorrent"
| #define VERSION "0.12.9"
| /* end confdefs.h.  */
| #include <ac_nonexistent.h>
configure:7672: checking for ANSI C header files
configure:7692: arm-linux-gcc -c -g -O2  conftest.c >&5
configure:7692: $? = 0
configure:7776: result: yes
configure:7789: checking for sys/types.h
configure:7789: arm-linux-gcc -c -g -O2  conftest.c >&5
configure:7789: $? = 0
configure:7789: result: yes
configure:7789: checking for sys/stat.h
configure:7789: arm-linux-gcc -c -g -O2  conftest.c >&5
configure:7789: $? = 0
configure:7789: result: yes
configure:7789: checking for stdlib.h
configure:7789: arm-linux-gcc -c -g -O2  conftest.c >&5
configure:7789: $? = 0
configure:7789: result: yes
configure:7789: checking for string.h
configure:7789: arm-linux-gcc -c -g -O2  conftest.c >&5
configure:7789: $? = 0
configure:7789: result: yes
configure:7789: checking for memory.h
configure:7789: arm-linux-gcc -c -g -O2  conftest.c >&5
configure:7789: $? = 0
configure:7789: result: yes
configure:7789: checking for strings.h
configure:7789: arm-linux-gcc -c -g -O2  conftest.c >&5
configure:7789: $? = 0
configure:7789: result: yes
configure:7789: checking for inttypes.h
configure:7789: arm-linux-gcc -c -g -O2  conftest.c >&5
configure:7789: $? = 0
configure:7789: result: yes
configure:7789: checking for stdint.h
configure:7789: arm-linux-gcc -c -g -O2  conftest.c >&5
configure:7789: $? = 0
configure:7789: result: yes
configure:7789: checking for unistd.h
configure:7789: arm-linux-gcc -c -g -O2  conftest.c >&5
configure:7789: $? = 0
configure:7789: result: yes
configure:7803: checking for dlfcn.h
configure:7803: arm-linux-gcc -c -g -O2  conftest.c >&5
configure:7803: $? = 0
configure:7803: result: yes
configure:7960: checking for objdir
configure:7975: result: .libs
configure:8246: checking if arm-linux-gcc supports -fno-rtti -fno-exceptions
configure:8264: arm-linux-gcc -c -g -O2  -fno-rtti -fno-exceptions conftest.c >&5
cc1: warning: command line option "-fno-rtti" is valid for C++/ObjC++ but not for C
configure:8268: $? = 0
configure:8281: result: no
configure:8591: checking for arm-linux-gcc option to produce PIC
configure:8598: result: -fPIC -DPIC
configure:8606: checking if arm-linux-gcc PIC flag -fPIC -DPIC works
configure:8624: arm-linux-gcc -c -g -O2  -fPIC -DPIC -DPIC conftest.c >&5
configure:8628: $? = 0
configure:8641: result: yes
configure:8670: checking if arm-linux-gcc static flag -static works
configure:8698: result: yes
configure:8713: checking if arm-linux-gcc supports -c -o file.o
configure:8734: arm-linux-gcc -c -g -O2  -o out/conftest2.o conftest.c >&5
configure:8738: $? = 0
configure:8760: result: yes
configure:8768: checking if arm-linux-gcc supports -c -o file.o
configure:8815: result: yes
configure:8848: checking whether the arm-linux-gcc linker (/home/smalik/arm-gcc/opt/FriendlyARM/toolschain/4.4.3/arm-none-linux-gnueabi/bin/ld) supports shared libraries
configure:10006: result: yes
configure:10043: checking whether -lc should be explicitly linked in
configure:10051: arm-linux-gcc -c -g -O2  conftest.c >&5
configure:10054: $? = 0
configure:10069: arm-linux-gcc -shared  -fPIC -DPIC conftest.o  -v -Wl,-soname -Wl,conftest -o conftest 2\>\&1 \| /bin/grep  -lc  \>/dev/null 2\>\&1
configure:10072: $? = 0
configure:10086: result: no
configure:10251: checking dynamic linker characteristics
configure:10765: arm-linux-gcc -o conftest -g -O2   -Wl,-rpath -Wl,/foo conftest.c  >&5
configure:10765: $? = 0
configure:10987: result: GNU/Linux ld.so
configure:11094: checking how to hardcode library paths into programs
configure:11119: result: immediate
configure:11659: checking whether stripping libraries is possible
configure:11664: result: yes
configure:11699: checking if libtool supports shared libraries
configure:11701: result: yes
configure:11704: checking whether to build shared libraries
configure:11725: result: yes
configure:11728: checking whether to build static libraries
configure:11732: result: no
configure:11781: checking for arm-linux-g++
configure:11797: found /home/smalik/arm-gcc/opt/FriendlyARM/toolschain/4.4.3/bin/arm-linux-g++
configure:11808: result: arm-linux-g++
configure:11879: checking for C++ compiler version
configure:11888: arm-linux-g++ --version >&5
.arm-none-linux-gnueabi-g++ (ctng-1.6.1) 4.4.3
Copyright (C) 2010 Free Software Foundation, Inc.
This is free software; see the source for copying conditions.  There is NO
warranty; not even for MERCHANTABILITY or FITNESS FOR A PARTICULAR PURPOSE.

configure:11899: $? = 0
configure:11888: arm-linux-g++ -v >&5
Using built-in specs.
Target: arm-none-linux-gnueabi
Configured with: /opt/FriendlyARM/mini2440/build-toolschain/working/src/gcc-4.4.3/configure --build=i386-build_redhat-linux-gnu --host=i386-build_redhat-linux-gnu --target=arm-none-linux-gnueabi --prefix=/opt/FriendlyARM/toolschain/4.4.3 --with-sysroot=/opt/FriendlyARM/toolschain/4.4.3/arm-none-linux-gnueabi//sys-root --enable-languages=c,c++ --disable-multilib --with-arch=armv4t --with-cpu=arm920t --with-tune=arm920t --with-float=soft --with-pkgversion=ctng-1.6.1 --disable-sjlj-exceptions --enable-__cxa_atexit --with-gmp=/opt/FriendlyARM/toolschain/4.4.3 --with-mpfr=/opt/FriendlyARM/toolschain/4.4.3 --with-ppl=/opt/FriendlyARM/toolschain/4.4.3 --with-cloog=/opt/FriendlyARM/toolschain/4.4.3 --with-mpc=/opt/FriendlyARM/toolschain/4.4.3 --with-local-prefix=/opt/FriendlyARM/toolschain/4.4.3/arm-none-linux-gnueabi//sys-root --disable-nls --enable-threads=posix --enable-symvers=gnu --enable-c99 --enable-long-long --enable-target-optspace
Thread model: posix
gcc version 4.4.3 (ctng-1.6.1) 
configure:11899: $? = 0
configure:11888: arm-linux-g++ -V >&5
.arm-none-linux-gnueabi-g++: '-V' option must have argument
configure:11899: $? = 1
configure:11888: arm-linux-g++ -qversion >&5
.arm-none-linux-gnueabi-g++: unrecognized option '-qversion'
.arm-none-linux-gnueabi-g++: no input files
configure:11899: $? = 1
configure:11903: checking whether we are using the GNU C++ compiler
configure:11922: arm-linux-g++ -c   conftest.cpp >&5
configure:11922: $? = 0
configure:11931: result: yes
configure:11940: checking whether arm-linux-g++ accepts -g
configure:11960: arm-linux-g++ -c -g  conftest.cpp >&5
configure:11960: $? = 0
configure:12001: result: yes
configure:12026: checking dependency style of arm-linux-g++
configure:12136: result: gcc3
configure:12169: checking how to run the C++ preprocessor
configure:12196: arm-linux-g++ -E  conftest.cpp
configure:12196: $? = 0
configure:12210: arm-linux-g++ -E  conftest.cpp
conftest.cpp:25:28: error: ac_nonexistent.h: No such file or directory
configure:12210: $? = 1
configure: failed program was:
| /* confdefs.h */
| #define PACKAGE_NAME "libtorrent"
| #define PACKAGE_TARNAME "libtorrent"
| #define PACKAGE_VERSION "0.12.9"
| #define PACKAGE_STRING "libtorrent 0.12.9"
| #define PACKAGE_BUGREPORT "jaris@ifi.uio.no"
| #define PACKAGE_URL ""
| #define PEER_NAME "-lt0C90-"
| #define PEER_VERSION "lt\x0C\x90"
| #define PACKAGE "libtorrent"
| #define VERSION "0.12.9"
| #define STDC_HEADERS 1
| #define HAVE_SYS_TYPES_H 1
| #define HAVE_SYS_STAT_H 1
| #define HAVE_STDLIB_H 1
| #define HAVE_STRING_H 1
| #define HAVE_MEMORY_H 1
| #define HAVE_STRINGS_H 1
| #define HAVE_INTTYPES_H 1
| #define HAVE_STDINT_H 1
| #define HAVE_UNISTD_H 1
| #define HAVE_DLFCN_H 1
| #define LT_OBJDIR ".libs/"
| /* end confdefs.h.  */
| #include <ac_nonexistent.h>
configure:12235: result: arm-linux-g++ -E
configure:12255: arm-linux-g++ -E  conftest.cpp
configure:12255: $? = 0
configure:12269: arm-linux-g++ -E  conftest.cpp
conftest.cpp:25:28: error: ac_nonexistent.h: No such file or directory
configure:12269: $? = 1
configure: failed program was:
| /* confdefs.h */
| #define PACKAGE_NAME "libtorrent"
| #define PACKAGE_TARNAME "libtorrent"
| #define PACKAGE_VERSION "0.12.9"
| #define PACKAGE_STRING "libtorrent 0.12.9"
| #define PACKAGE_BUGREPORT "jaris@ifi.uio.no"
| #define PACKAGE_URL ""
| #define PEER_NAME "-lt0C90-"
| #define PEER_VERSION "lt\x0C\x90"
| #define PACKAGE "libtorrent"
| #define VERSION "0.12.9"
| #define STDC_HEADERS 1
| #define HAVE_SYS_TYPES_H 1
| #define HAVE_SYS_STAT_H 1
| #define HAVE_STDLIB_H 1
| #define HAVE_STRING_H 1
| #define HAVE_MEMORY_H 1
| #define HAVE_STRINGS_H 1
| #define HAVE_INTTYPES_H 1
| #define HAVE_STDINT_H 1
| #define HAVE_UNISTD_H 1
| #define HAVE_DLFCN_H 1
| #define LT_OBJDIR ".libs/"
| /* end confdefs.h.  */
| #include <ac_nonexistent.h>
configure:12439: checking for ld used by arm-linux-g++
configure:12506: result: /home/smalik/arm-gcc/opt/FriendlyARM/toolschain/4.4.3/arm-none-linux-gnueabi/bin/ld
configure:12513: checking if the linker (/home/smalik/arm-gcc/opt/FriendlyARM/toolschain/4.4.3/arm-none-linux-gnueabi/bin/ld) is GNU ld
configure:12528: result: yes
configure:12583: checking whether the arm-linux-g++ linker (/home/smalik/arm-gcc/opt/FriendlyARM/toolschain/4.4.3/arm-none-linux-gnueabi/bin/ld) supports shared libraries
configure:13587: result: yes
configure:13622: arm-linux-g++ -c -g -O2  conftest.cpp >&5
configure:13625: $? = 0
configure:14145: checking for arm-linux-g++ option to produce PIC
configure:14152: result: -fPIC -DPIC
configure:14160: checking if arm-linux-g++ PIC flag -fPIC -DPIC works
configure:14178: arm-linux-g++ -c -g -O2  -fPIC -DPIC -DPIC conftest.cpp >&5
configure:14182: $? = 0
configure:14195: result: yes
configure:14218: checking if arm-linux-g++ static flag -static works
configure:14246: result: yes
configure:14258: checking if arm-linux-g++ supports -c -o file.o
configure:14279: arm-linux-g++ -c -g -O2  -o out/conftest2.o conftest.cpp >&5
configure:14283: $? = 0
configure:14305: result: yes
configure:14310: checking if arm-linux-g++ supports -c -o file.o
configure:14357: result: yes
configure:14387: checking whether the arm-linux-g++ linker (/home/smalik/arm-gcc/opt/FriendlyARM/toolschain/4.4.3/arm-none-linux-gnueabi/bin/ld) supports shared libraries
configure:14421: result: yes
configure:14564: checking dynamic linker characteristics
configure:15234: result: GNU/Linux ld.so
configure:15287: checking how to hardcode library paths into programs
configure:15312: result: immediate
configure:15353: checking whether byte ordering is bigendian
configure:15368: arm-linux-gcc -c -g -O2  conftest.c >&5
conftest.c:26: error: expected '=', ',', ';', 'asm' or '__attribute__' before 'a'
configure:15368: $? = 1
configure: failed program was:
| /* confdefs.h */
| #define PACKAGE_NAME "libtorrent"
| #define PACKAGE_TARNAME "libtorrent"
| #define PACKAGE_VERSION "0.12.9"
| #define PACKAGE_STRING "libtorrent 0.12.9"
| #define PACKAGE_BUGREPORT "jaris@ifi.uio.no"
| #define PACKAGE_URL ""
| #define PEER_NAME "-lt0C90-"
| #define PEER_VERSION "lt\x0C\x90"
| #define PACKAGE "libtorrent"
| #define VERSION "0.12.9"
| #define STDC_HEADERS 1
| #define HAVE_SYS_TYPES_H 1
| #define HAVE_SYS_STAT_H 1
| #define HAVE_STDLIB_H 1
| #define HAVE_STRING_H 1
| #define HAVE_MEMORY_H 1
| #define HAVE_STRINGS_H 1
| #define HAVE_INTTYPES_H 1
| #define HAVE_STDINT_H 1
| #define HAVE_UNISTD_H 1
| #define HAVE_DLFCN_H 1
| #define LT_OBJDIR ".libs/"
| /* end confdefs.h.  */
| #ifndef __APPLE_CC__
| 	       not a universal capable compiler
| 	     #endif
| 	     typedef int dummy;
| 
configure:15413: arm-linux-gcc -c -g -O2  conftest.c >&5
configure:15413: $? = 0
configure:15431: arm-linux-gcc -c -g -O2  conftest.c >&5
conftest.c: In function 'main':
conftest.c:32: error: 'not' undeclared (first use in this function)
conftest.c:32: error: (Each undeclared identifier is reported only once
conftest.c:32: error: for each function it appears in.)
conftest.c:32: error: expected ';' before 'big'
configure:15431: $? = 1
configure: failed program was:
| /* confdefs.h */
| #define PACKAGE_NAME "libtorrent"
| #define PACKAGE_TARNAME "libtorrent"
| #define PACKAGE_VERSION "0.12.9"
| #define PACKAGE_STRING "libtorrent 0.12.9"
| #define PACKAGE_BUGREPORT "jaris@ifi.uio.no"
| #define PACKAGE_URL ""
| #define PEER_NAME "-lt0C90-"
| #define PEER_VERSION "lt\x0C\x90"
| #define PACKAGE "libtorrent"
| #define VERSION "0.12.9"
| #define STDC_HEADERS 1
| #define HAVE_SYS_TYPES_H 1
| #define HAVE_SYS_STAT_H 1
| #define HAVE_STDLIB_H 1
| #define HAVE_STRING_H 1
| #define HAVE_MEMORY_H 1
| #define HAVE_STRINGS_H 1
| #define HAVE_INTTYPES_H 1
| #define HAVE_STDINT_H 1
| #define HAVE_UNISTD_H 1
| #define HAVE_DLFCN_H 1
| #define LT_OBJDIR ".libs/"
| /* end confdefs.h.  */
| #include <sys/types.h>
| 		#include <sys/param.h>
| 
| int
| main ()
| {
| #if BYTE_ORDER != BIG_ENDIAN
| 		 not big endian
| 		#endif
| 
|   ;
|   return 0;
| }
configure:15559: result: no
configure:15594: checking the byte alignment
configure:15598: error: in `/home/smalik/Downloads/arm/rtorrent/libtorrent-0.12.9':
configure:15641: checking for user-defined CXXFLAGS
configure:15645: result: user-defined "-g -O2"
configure:15756: checking for TR1 support
configure:15766: arm-linux-g++ -c -g -O2 -g -DDEBUG  conftest.cpp >&5
configure:15766: $? = 0
configure:15768: result: yes
configure:15816: checking for special C compiler options needed for large files
configure:15861: result: no
configure:15867: checking for _FILE_OFFSET_BITS value needed for large files
configure:15892: arm-linux-gcc -c -g -O2  conftest.c >&5
conftest.c:33: warning: left shift count >= width of type
conftest.c:33: warning: left shift count >= width of type
conftest.c:35: error: size of array 'off_t_is_large' is negative
configure:15892: $? = 1
configure: failed program was:
| /* confdefs.h */
| #define PACKAGE_NAME "libtorrent"
| #define PACKAGE_TARNAME "libtorrent"
| #define PACKAGE_VERSION "0.12.9"
| #define PACKAGE_STRING "libtorrent 0.12.9"
| #define PACKAGE_BUGREPORT "jaris@ifi.uio.no"
| #define PACKAGE_URL ""
| #define PEER_NAME "-lt0C90-"
| #define PEER_VERSION "lt\x0C\x90"
| #define PACKAGE "libtorrent"
| #define VERSION "0.12.9"
| #define STDC_HEADERS 1
| #define HAVE_SYS_TYPES_H 1
| #define HAVE_SYS_STAT_H 1
| #define HAVE_STDLIB_H 1
| #define HAVE_STRING_H 1
| #define HAVE_MEMORY_H 1
| #define HAVE_STRINGS_H 1
| #define HAVE_INTTYPES_H 1
| #define HAVE_STDINT_H 1
| #define HAVE_UNISTD_H 1
| #define HAVE_DLFCN_H 1
| #define LT_OBJDIR ".libs/"
| #define IS_LITTLE_ENDIAN 1
| #define HAVE_TR1 1
| /* end confdefs.h.  */
| #include <sys/types.h>
|  /* Check that off_t can represent 2**63 - 1 correctly.
|     We can't simply define LARGE_OFF_T to be 9223372036854775807,
|     since some C++ compilers masquerading as C compilers
|     incorrectly reject 9223372036854775807.  */
| #define LARGE_OFF_T (((off_t) 1 << 62) - 1 + ((off_t) 1 << 62))
|   int off_t_is_large[(LARGE_OFF_T % 2147483629 == 721
| 		       && LARGE_OFF_T % 2147483647 == 1)
| 		      ? 1 : -1];
| int
| main ()
| {
| 
|   ;
|   return 0;
| }
configure:15916: arm-linux-gcc -c -g -O2  conftest.c >&5
configure:15916: $? = 0
configure:15924: result: 64
configure:16041: checking for sysroot
configure:16045: result: no
configure:16204: checking for epoll support
configure:16216: arm-linux-gcc -c -g -O2  conftest.c >&5
configure:16216: $? = 0
configure:16221: result: yes
configure:16237: checking for fallocate
configure:16254: arm-linux-gcc -o conftest -g -O2   conftest.c  >&5
/tmp/ccUlADE4.o: In function `main':
/home/smalik/Downloads/arm/rtorrent/libtorrent-0.12.9/conftest.c:35: undefined reference to `fallocate'
collect2: ld returned 1 exit status
configure:16254: $? = 1
configure: failed program was:
| /* confdefs.h */
| #define PACKAGE_NAME "libtorrent"
| #define PACKAGE_TARNAME "libtorrent"
| #define PACKAGE_VERSION "0.12.9"
| #define PACKAGE_STRING "libtorrent 0.12.9"
| #define PACKAGE_BUGREPORT "jaris@ifi.uio.no"
| #define PACKAGE_URL ""
| #define PEER_NAME "-lt0C90-"
| #define PEER_VERSION "lt\x0C\x90"
| #define PACKAGE "libtorrent"
| #define VERSION "0.12.9"
| #define STDC_HEADERS 1
| #define HAVE_SYS_TYPES_H 1
| #define HAVE_SYS_STAT_H 1
| #define HAVE_STDLIB_H 1
| #define HAVE_STRING_H 1
| #define HAVE_MEMORY_H 1
| #define HAVE_STRINGS_H 1
| #define HAVE_INTTYPES_H 1
| #define HAVE_STDINT_H 1
| #define HAVE_UNISTD_H 1
| #define HAVE_DLFCN_H 1
| #define LT_OBJDIR ".libs/"
| #define IS_LITTLE_ENDIAN 1
| #define HAVE_TR1 1
| #define _FILE_OFFSET_BITS 64
| #define USE_EPOLL 1
| /* end confdefs.h.  */
| #include <fcntl.h>
|                #include <linux/falloc.h>
| 
| int
| main ()
| {
|  fallocate(0, FALLOC_FL_KEEP_SIZE, 0, 0); return 0;
| 
|   ;
|   return 0;
| }
configure:16264: result: no
configure:16336: checking size of long
configure:16341: arm-linux-gcc -c -g -O2  conftest.c >&5
configure:16341: $? = 0
configure:16341: arm-linux-gcc -c -g -O2  conftest.c >&5
conftest.c: In function 'main':
conftest.c:65: error: size of array 'test_array' is negative
configure:16341: $? = 1
configure: failed program was:
| /* confdefs.h */
| #define PACKAGE_NAME "libtorrent"
| #define PACKAGE_TARNAME "libtorrent"
| #define PACKAGE_VERSION "0.12.9"
| #define PACKAGE_STRING "libtorrent 0.12.9"
| #define PACKAGE_BUGREPORT "jaris@ifi.uio.no"
| #define PACKAGE_URL ""
| #define PEER_NAME "-lt0C90-"
| #define PEER_VERSION "lt\x0C\x90"
| #define PACKAGE "libtorrent"
| #define VERSION "0.12.9"
| #define STDC_HEADERS 1
| #define HAVE_SYS_TYPES_H 1
| #define HAVE_SYS_STAT_H 1
| #define HAVE_STDLIB_H 1
| #define HAVE_STRING_H 1
| #define HAVE_MEMORY_H 1
| #define HAVE_STRINGS_H 1
| #define HAVE_INTTYPES_H 1
| #define HAVE_STDINT_H 1
| #define HAVE_UNISTD_H 1
| #define HAVE_DLFCN_H 1
| #define LT_OBJDIR ".libs/"
| #define IS_LITTLE_ENDIAN 1
| #define HAVE_TR1 1
| #define _FILE_OFFSET_BITS 64
| #define USE_EPOLL 1
| /* end confdefs.h.  */
| #include <stdio.h>
| #ifdef HAVE_SYS_TYPES_H
| # include <sys/types.h>
| #endif
| #ifdef HAVE_SYS_STAT_H
| # include <sys/stat.h>
| #endif
| #ifdef STDC_HEADERS
| # include <stdlib.h>
| # include <stddef.h>
| #else
| # ifdef HAVE_STDLIB_H
| #  include <stdlib.h>
| # endif
| #endif
| #ifdef HAVE_STRING_H
| # if !defined STDC_HEADERS && defined HAVE_MEMORY_H
| #  include <memory.h>
| # endif
| # include <string.h>
| #endif
| #ifdef HAVE_STRINGS_H
| # include <strings.h>
| #endif
| #ifdef HAVE_INTTYPES_H
| # include <inttypes.h>
| #endif
| #ifdef HAVE_STDINT_H
| # include <stdint.h>
| #endif
| #ifdef HAVE_UNISTD_H
| # include <unistd.h>
| #endif
| int
| main ()
| {
| static int test_array [1 - 2 * !(((long int) (sizeof (long))) <= 0)];
| test_array [0] = 0
| 
|   ;
|   return 0;
| }
configure:16341: arm-linux-gcc -c -g -O2  conftest.c >&5
conftest.c: In function 'main':
conftest.c:65: error: size of array 'test_array' is negative
configure:16341: $? = 1
configure: failed program was:
| /* confdefs.h */
| #define PACKAGE_NAME "libtorrent"
| #define PACKAGE_TARNAME "libtorrent"
| #define PACKAGE_VERSION "0.12.9"
| #define PACKAGE_STRING "libtorrent 0.12.9"
| #define PACKAGE_BUGREPORT "jaris@ifi.uio.no"
| #define PACKAGE_URL ""
| #define PEER_NAME "-lt0C90-"
| #define PEER_VERSION "lt\x0C\x90"
| #define PACKAGE "libtorrent"
| #define VERSION "0.12.9"
| #define STDC_HEADERS 1
| #define HAVE_SYS_TYPES_H 1
| #define HAVE_SYS_STAT_H 1
| #define HAVE_STDLIB_H 1
| #define HAVE_STRING_H 1
| #define HAVE_MEMORY_H 1
| #define HAVE_STRINGS_H 1
| #define HAVE_INTTYPES_H 1
| #define HAVE_STDINT_H 1
| #define HAVE_UNISTD_H 1
| #define HAVE_DLFCN_H 1
| #define LT_OBJDIR ".libs/"
| #define IS_LITTLE_ENDIAN 1
| #define HAVE_TR1 1
| #define _FILE_OFFSET_BITS 64
| #define USE_EPOLL 1
| /* end confdefs.h.  */
| #include <stdio.h>
| #ifdef HAVE_SYS_TYPES_H
| # include <sys/types.h>
| #endif
| #ifdef HAVE_SYS_STAT_H
| # include <sys/stat.h>
| #endif
| #ifdef STDC_HEADERS
| # include <stdlib.h>
| # include <stddef.h>
| #else
| # ifdef HAVE_STDLIB_H
| #  include <stdlib.h>
| # endif
| #endif
| #ifdef HAVE_STRING_H
| # if !defined STDC_HEADERS && defined HAVE_MEMORY_H
| #  include <memory.h>
| # endif
| # include <string.h>
| #endif
| #ifdef HAVE_STRINGS_H
| # include <strings.h>
| #endif
| #ifdef HAVE_INTTYPES_H
| # include <inttypes.h>
| #endif
| #ifdef HAVE_STDINT_H
| # include <stdint.h>
| #endif
| #ifdef HAVE_UNISTD_H
| # include <unistd.h>
| #endif
| int
| main ()
| {
| static int test_array [1 - 2 * !(((long int) (sizeof (long))) <= 1)];
| test_array [0] = 0
| 
|   ;
|   return 0;
| }
configure:16341: arm-linux-gcc -c -g -O2  conftest.c >&5
conftest.c: In function 'main':
conftest.c:65: error: size of array 'test_array' is negative
configure:16341: $? = 1
configure: failed program was:
| /* confdefs.h */
| #define PACKAGE_NAME "libtorrent"
| #define PACKAGE_TARNAME "libtorrent"
| #define PACKAGE_VERSION "0.12.9"
| #define PACKAGE_STRING "libtorrent 0.12.9"
| #define PACKAGE_BUGREPORT "jaris@ifi.uio.no"
| #define PACKAGE_URL ""
| #define PEER_NAME "-lt0C90-"
| #define PEER_VERSION "lt\x0C\x90"
| #define PACKAGE "libtorrent"
| #define VERSION "0.12.9"
| #define STDC_HEADERS 1
| #define HAVE_SYS_TYPES_H 1
| #define HAVE_SYS_STAT_H 1
| #define HAVE_STDLIB_H 1
| #define HAVE_STRING_H 1
| #define HAVE_MEMORY_H 1
| #define HAVE_STRINGS_H 1
| #define HAVE_INTTYPES_H 1
| #define HAVE_STDINT_H 1
| #define HAVE_UNISTD_H 1
| #define HAVE_DLFCN_H 1
| #define LT_OBJDIR ".libs/"
| #define IS_LITTLE_ENDIAN 1
| #define HAVE_TR1 1
| #define _FILE_OFFSET_BITS 64
| #define USE_EPOLL 1
| /* end confdefs.h.  */
| #include <stdio.h>
| #ifdef HAVE_SYS_TYPES_H
| # include <sys/types.h>
| #endif
| #ifdef HAVE_SYS_STAT_H
| # include <sys/stat.h>
| #endif
| #ifdef STDC_HEADERS
| # include <stdlib.h>
| # include <stddef.h>
| #else
| # ifdef HAVE_STDLIB_H
| #  include <stdlib.h>
| # endif
| #endif
| #ifdef HAVE_STRING_H
| # if !defined STDC_HEADERS && defined HAVE_MEMORY_H
| #  include <memory.h>
| # endif
| # include <string.h>
| #endif
| #ifdef HAVE_STRINGS_H
| # include <strings.h>
| #endif
| #ifdef HAVE_INTTYPES_H
| # include <inttypes.h>
| #endif
| #ifdef HAVE_STDINT_H
| # include <stdint.h>
| #endif
| #ifdef HAVE_UNISTD_H
| # include <unistd.h>
| #endif
| int
| main ()
| {
| static int test_array [1 - 2 * !(((long int) (sizeof (long))) <= 3)];
| test_array [0] = 0
| 
|   ;
|   return 0;
| }
configure:16341: arm-linux-gcc -c -g -O2  conftest.c >&5
configure:16341: $? = 0
configure:16341: arm-linux-gcc -c -g -O2  conftest.c >&5
configure:16341: $? = 0
configure:16341: arm-linux-gcc -c -g -O2  conftest.c >&5
configure:16341: $? = 0
configure:16355: result: 4
configure:16473: checking sys/vfs.h usability
configure:16473: arm-linux-gcc -c -g -O2  conftest.c >&5
configure:16473: $? = 0
configure:16473: result: yes
configure:16473: checking sys/vfs.h presence
configure:16473: arm-linux-gcc -E  conftest.c
configure:16473: $? = 0
configure:16473: result: yes
configure:16473: checking for sys/vfs.h
configure:16473: result: yes
configure:16473: checking sys/statvfs.h usability
configure:16473: arm-linux-gcc -c -g -O2  conftest.c >&5
configure:16473: $? = 0
configure:16473: result: yes
configure:16473: checking sys/statvfs.h presence
configure:16473: arm-linux-gcc -E  conftest.c
configure:16473: $? = 0
configure:16473: result: yes
configure:16473: checking for sys/statvfs.h
configure:16473: result: yes
configure:16473: checking sys/statfs.h usability
configure:16473: arm-linux-gcc -c -g -O2  conftest.c >&5
configure:16473: $? = 0
configure:16473: result: yes
configure:16473: checking sys/statfs.h presence
configure:16473: arm-linux-gcc -E  conftest.c
configure:16473: $? = 0
configure:16473: result: yes
configure:16473: checking for sys/statfs.h
configure:16473: result: yes
configure:16484: checking for statvfs
configure:16512: arm-linux-gcc -o conftest -g -O2   conftest.c  >&5
configure:16512: $? = 0
configure:16532: result: ok
configure:16781: checking if compiler supports __attribute__((visibility("default")))
configure:16792: arm-linux-g++ -c -g -O2 -g -DDEBUG -fvisibility=hidden  conftest.cpp >&5
configure:16792: $? = 0
configure:16800: result: yes
configure:16834: checking for arm-linux-pkg-config
configure:16867: result: no
configure:16877: checking for pkg-config
configure:16895: found /usr/bin/pkg-config
configure:16907: result: /usr/bin/pkg-config
configure:16919: WARNING: using cross tools not prefixed with host triplet
configure:16932: checking pkg-config is at least version 0.9.0
configure:16935: result: yes
configure:17054: checking for OPENSSL
configure:17061: $PKG_CONFIG --exists --print-errors "openssl"
configure:17064: $? = 0
configure:17077: $PKG_CONFIG --exists --print-errors "openssl"
configure:17080: $? = 0
configure:17137: result: yes
configure:17156: checking for STUFF
configure:17163: $PKG_CONFIG --exists --print-errors "sigc++-2.0"
Package sigc++-2.0 was not found in the pkg-config search path.
Perhaps you should add the directory containing `sigc++-2.0.pc'
to the PKG_CONFIG_PATH environment variable
No package 'sigc++-2.0' found
configure:17166: $? = 1
configure:17179: $PKG_CONFIG --exists --print-errors "sigc++-2.0"
Package sigc++-2.0 was not found in the pkg-config search path.
Perhaps you should add the directory containing `sigc++-2.0.pc'
to the PKG_CONFIG_PATH environment variable
No package 'sigc++-2.0' found
configure:17182: $? = 1
configure:17195: result: no
No package 'sigc++-2.0' found
configure:17211: error: Package requirements (sigc++-2.0) were not met:

No package 'sigc++-2.0' found

Consider adjusting the PKG_CONFIG_PATH environment variable if you
installed software in a non-standard prefix.

Alternatively, you may set the environment variables STUFF_CFLAGS
and STUFF_LIBS to avoid the need to call pkg-config.
See the pkg-config man page for more details.

## ---------------- ##
## Cache variables. ##
## ---------------- ##

ac_cv_build=x86_64-unknown-linux-gnu
ac_cv_c_bigendian=no
ac_cv_c_compiler_gnu=yes
ac_cv_cxx_compiler_gnu=yes
ac_cv_env_CCC_set=
ac_cv_env_CCC_value=
ac_cv_env_CC_set=
ac_cv_env_CC_value=
ac_cv_env_CFLAGS_set=
ac_cv_env_CFLAGS_value=
ac_cv_env_CPPFLAGS_set=
ac_cv_env_CPPFLAGS_value=
ac_cv_env_CPP_set=
ac_cv_env_CPP_value=
ac_cv_env_CXXCPP_set=
ac_cv_env_CXXCPP_value=
ac_cv_env_CXXFLAGS_set=
ac_cv_env_CXXFLAGS_value=
ac_cv_env_CXX_set=
ac_cv_env_CXX_value=
ac_cv_env_LDFLAGS_set=
ac_cv_env_LDFLAGS_value=
ac_cv_env_LIBS_set=
ac_cv_env_LIBS_value=
ac_cv_env_OPENSSL_CFLAGS_set=
ac_cv_env_OPENSSL_CFLAGS_value=
ac_cv_env_OPENSSL_LIBS_set=
ac_cv_env_OPENSSL_LIBS_value=
ac_cv_env_PKG_CONFIG_LIBDIR_set=
ac_cv_env_PKG_CONFIG_LIBDIR_value=
ac_cv_env_PKG_CONFIG_PATH_set=
ac_cv_env_PKG_CONFIG_PATH_value=
ac_cv_env_PKG_CONFIG_set=
ac_cv_env_PKG_CONFIG_value=
ac_cv_env_STUFF_CFLAGS_set=
ac_cv_env_STUFF_CFLAGS_value=
ac_cv_env_STUFF_LIBS_set=
ac_cv_env_STUFF_LIBS_value=
ac_cv_env_build_alias_set=
ac_cv_env_build_alias_value=
ac_cv_env_host_alias_set=set
ac_cv_env_host_alias_value=arm-linux
ac_cv_env_target_alias_set=
ac_cv_env_target_alias_value=
ac_cv_header_dlfcn_h=yes
ac_cv_header_inttypes_h=yes
ac_cv_header_memory_h=yes
ac_cv_header_stdc=yes
ac_cv_header_stdint_h=yes
ac_cv_header_stdlib_h=yes
ac_cv_header_string_h=yes
ac_cv_header_strings_h=yes
ac_cv_header_sys_stat_h=yes
ac_cv_header_sys_statfs_h=yes
ac_cv_header_sys_statvfs_h=yes
ac_cv_header_sys_types_h=yes
ac_cv_header_sys_vfs_h=yes
ac_cv_header_unistd_h=yes
ac_cv_host=arm-unknown-linux-gnu
ac_cv_objext=o
ac_cv_path_CPPUNIT_CONFIG=no
ac_cv_path_EGREP='/bin/grep -E'
ac_cv_path_FGREP='/bin/grep -F'
ac_cv_path_GREP=/bin/grep
ac_cv_path_SED=/bin/sed
ac_cv_path_ac_pt_PKG_CONFIG=/usr/bin/pkg-config
ac_cv_path_install='/usr/bin/install -c'
ac_cv_path_mkdir=/bin/mkdir
ac_cv_prog_AR=arm-linux-ar
ac_cv_prog_AWK=gawk
ac_cv_prog_CC=arm-linux-gcc
ac_cv_prog_CPP='arm-linux-gcc -E'
ac_cv_prog_CXX=arm-linux-g++
ac_cv_prog_CXXCPP='arm-linux-g++ -E'
ac_cv_prog_OBJDUMP=arm-linux-objdump
ac_cv_prog_RANLIB=arm-linux-ranlib
ac_cv_prog_STRIP=arm-linux-strip
ac_cv_prog_cc_c89=
ac_cv_prog_cc_g=yes
ac_cv_prog_cxx_g=yes
ac_cv_prog_make_make_set=yes
ac_cv_sizeof_long=4
ac_cv_sys_file_offset_bits=64
ac_cv_sys_largefile_CC=no
am_cv_CC_dependencies_compiler_type=gcc3
am_cv_CXX_dependencies_compiler_type=gcc3
cc_cv_attribute_visibility=yes
lt_cv_ar_at_file=@
lt_cv_archive_cmds_need_lc=no
lt_cv_deplibs_check_method=pass_all
lt_cv_file_magic_cmd='$MAGIC_CMD'
lt_cv_file_magic_test_file=
lt_cv_ld_reload_flag=-r
lt_cv_nm_interface='BSD nm'
lt_cv_objdir=.libs
lt_cv_path_LD=/home/smalik/arm-gcc/opt/FriendlyARM/toolschain/4.4.3/arm-none-linux-gnueabi/bin/ld
lt_cv_path_LDCXX=/home/smalik/arm-gcc/opt/FriendlyARM/toolschain/4.4.3/arm-none-linux-gnueabi/bin/ld
lt_cv_path_NM='/home/smalik/arm-gcc/opt/FriendlyARM/toolschain/4.4.3/bin/arm-linux-nm -B'
lt_cv_path_mainfest_tool=no
lt_cv_prog_compiler_c_o=yes
lt_cv_prog_compiler_c_o_CXX=yes
lt_cv_prog_compiler_pic='-fPIC -DPIC'
lt_cv_prog_compiler_pic_CXX='-fPIC -DPIC'
lt_cv_prog_compiler_pic_works=yes
lt_cv_prog_compiler_pic_works_CXX=yes
lt_cv_prog_compiler_rtti_exceptions=no
lt_cv_prog_compiler_static_works=yes
lt_cv_prog_compiler_static_works_CXX=yes
lt_cv_prog_gnu_ld=yes
lt_cv_prog_gnu_ldcxx=yes
lt_cv_sharedlib_from_linklib_cmd='printf %s\n'
lt_cv_shlibpath_overrides_runpath=yes
lt_cv_sys_global_symbol_pipe='sed -n -e '\''s/^.*[	 ]\([ABCDGIRSTW][ABCDGIRSTW]*\)[	 ][	 ]*\([_A-Za-z][_A-Za-z0-9]*\)$/\1 \2 \2/p'\'' | sed '\''/ __gnu_lto/d'\'''
lt_cv_sys_global_symbol_to_c_name_address='sed -n -e '\''s/^: \([^ ]*\)[ ]*$/  {\"\1\", (void *) 0},/p'\'' -e '\''s/^[ABCDGIRSTW]* \([^ ]*\) \([^ ]*\)$/  {"\2", (void *) \&\2},/p'\'''
lt_cv_sys_global_symbol_to_c_name_address_lib_prefix='sed -n -e '\''s/^: \([^ ]*\)[ ]*$/  {\"\1\", (void *) 0},/p'\'' -e '\''s/^[ABCDGIRSTW]* \([^ ]*\) \(lib[^ ]*\)$/  {"\2", (void *) \&\2},/p'\'' -e '\''s/^[ABCDGIRSTW]* \([^ ]*\) \([^ ]*\)$/  {"lib\2", (void *) \&\2},/p'\'''
lt_cv_sys_global_symbol_to_cdecl='sed -n -e '\''s/^T .* \(.*\)$/extern int \1();/p'\'' -e '\''s/^[ABCDGIRSTW]* .* \(.*\)$/extern char \1;/p'\'''
lt_cv_sys_max_cmd_len=1572864
lt_cv_to_host_file_cmd=func_convert_file_noop
lt_cv_to_tool_file_cmd=func_convert_file_noop
pkg_cv_OPENSSL_CFLAGS=' '
pkg_cv_OPENSSL_LIBS='-lssl -lcrypto -ldl -lz  '

## ----------------- ##
## Output variables. ##
## ----------------- ##

ACLOCAL='${SHELL} /home/smalik/Downloads/arm/rtorrent/libtorrent-0.12.9/missing --run aclocal-1.11'
AMDEPBACKSLASH='\'
AMDEP_FALSE='#'
AMDEP_TRUE=''
AMTAR='${SHELL} /home/smalik/Downloads/arm/rtorrent/libtorrent-0.12.9/missing --run tar'
AR='arm-linux-ar'
AUTOCONF='${SHELL} /home/smalik/Downloads/arm/rtorrent/libtorrent-0.12.9/missing --run autoconf'
AUTOHEADER='${SHELL} /home/smalik/Downloads/arm/rtorrent/libtorrent-0.12.9/missing --run autoheader'
AUTOMAKE='${SHELL} /home/smalik/Downloads/arm/rtorrent/libtorrent-0.12.9/missing --run automake-1.11'
AWK='gawk'
CC='arm-linux-gcc'
CCDEPMODE='depmode=gcc3'
CFLAGS='-g -O2'
CPP='arm-linux-gcc -E'
CPPFLAGS=''
CPPUNIT_CFLAGS=''
CPPUNIT_CONFIG='no'
CPPUNIT_LIBS=''
CXX='arm-linux-g++'
CXXCPP='arm-linux-g++ -E'
CXXDEPMODE='depmode=gcc3'
CXXFLAGS='-g -O2 -g -DDEBUG -fvisibility=hidden  '
CYGPATH_W='echo'
DEFS=''
DEPDIR='.deps'
DLLTOOL='false'
DSYMUTIL=''
DUMPBIN=''
ECHO_C=''
ECHO_N='-n'
ECHO_T=''
EGREP='/bin/grep -E'
EXEEXT=''
FGREP='/bin/grep -F'
GREP='/bin/grep'
INSTALL_DATA='${INSTALL} -m 644'
INSTALL_PROGRAM='${INSTALL}'
INSTALL_SCRIPT='${INSTALL}'
INSTALL_STRIP_PROGRAM='$(install_sh) -c -s'
LD='/home/smalik/arm-gcc/opt/FriendlyARM/toolschain/4.4.3/arm-none-linux-gnueabi/bin/ld'
LDFLAGS=''
LIBOBJS=''
LIBS=' -lcrypto  '
LIBTOOL='$(SHELL) $(top_builddir)/libtool'
LIBTORRENT_CFLAGS=''
LIBTORRENT_CURRENT='14'
LIBTORRENT_INTERFACE_VERSION_INFO='14:1:0'
LIBTORRENT_INTERFACE_VERSION_NO='14.0.1'
LIBTORRENT_LIBS=''
LIPO=''
LN_S='ln -s'
LTLIBOBJS=''
MAKEINFO='${SHELL} /home/smalik/Downloads/arm/rtorrent/libtorrent-0.12.9/missing --run makeinfo'
MANIFEST_TOOL=':'
MKDIR_P='/bin/mkdir -p'
NM='/home/smalik/arm-gcc/opt/FriendlyARM/toolschain/4.4.3/bin/arm-linux-nm -B'
NMEDIT=''
OBJDUMP='arm-linux-objdump'
OBJEXT='o'
OPENSSL_CFLAGS=' '
OPENSSL_LIBS='-lssl -lcrypto -ldl -lz  '
OTOOL64=''
OTOOL=''
PACKAGE='libtorrent'
PACKAGE_BUGREPORT='jaris@ifi.uio.no'
PACKAGE_NAME='libtorrent'
PACKAGE_STRING='libtorrent 0.12.9'
PACKAGE_TARNAME='libtorrent'
PACKAGE_URL=''
PACKAGE_VERSION='0.12.9'
PATH_SEPARATOR=':'
PKG_CONFIG='/usr/bin/pkg-config'
PKG_CONFIG_LIBDIR=''
PKG_CONFIG_PATH=''
RANLIB='arm-linux-ranlib'
SED='/bin/sed'
SET_MAKE=''
SHELL='/bin/sh'
STRIP='arm-linux-strip'
STUFF_CFLAGS=''
STUFF_LIBS=''
VERSION='0.12.9'
ac_ct_AR=''
ac_ct_CC=''
ac_ct_CXX=''
ac_ct_DUMPBIN=''
am__EXEEXT_FALSE=''
am__EXEEXT_TRUE=''
am__fastdepCC_FALSE='#'
am__fastdepCC_TRUE=''
am__fastdepCXX_FALSE='#'
am__fastdepCXX_TRUE=''
am__include='include'
am__isrc=''
am__leading_dot='.'
am__quote=''
am__tar='${AMTAR} chof - "$$tardir"'
am__untar='${AMTAR} xf -'
bindir='${exec_prefix}/bin'
build='x86_64-unknown-linux-gnu'
build_alias=''
build_cpu='x86_64'
build_os='linux-gnu'
build_vendor='unknown'
datadir='${datarootdir}'
datarootdir='${prefix}/share'
docdir='${datarootdir}/doc/${PACKAGE_TARNAME}'
dvidir='${docdir}'
exec_prefix='NONE'
host='arm-unknown-linux-gnu'
host_alias='arm-linux'
host_cpu='arm'
host_os='linux-gnu'
host_vendor='unknown'
htmldir='${docdir}'
includedir='${prefix}/include'
infodir='${datarootdir}/info'
install_sh='${SHELL} /home/smalik/Downloads/arm/rtorrent/libtorrent-0.12.9/install-sh'
libdir='${exec_prefix}/lib'
libexecdir='${exec_prefix}/libexec'
localedir='${datarootdir}/locale'
localstatedir='${prefix}/var'
mandir='${datarootdir}/man'
mkdir_p='/bin/mkdir -p'
oldincludedir='/usr/include'
pdfdir='${docdir}'
prefix='NONE'
program_transform_name='s,x,x,'
psdir='${docdir}'
sbindir='${exec_prefix}/sbin'
sharedstatedir='${prefix}/com'
sysconfdir='${prefix}/etc'
target_alias=''

## ----------- ##
## confdefs.h. ##
## ----------- ##

/* confdefs.h */
#define PACKAGE_NAME "libtorrent"
#define PACKAGE_TARNAME "libtorrent"
#define PACKAGE_VERSION "0.12.9"
#define PACKAGE_STRING "libtorrent 0.12.9"
#define PACKAGE_BUGREPORT "jaris@ifi.uio.no"
#define PACKAGE_URL ""
#define PEER_NAME "-lt0C90-"
#define PEER_VERSION "lt\x0C\x90"
#define PACKAGE "libtorrent"
#define VERSION "0.12.9"
#define STDC_HEADERS 1
#define HAVE_SYS_TYPES_H 1
#define HAVE_SYS_STAT_H 1
#define HAVE_STDLIB_H 1
#define HAVE_STRING_H 1
#define HAVE_MEMORY_H 1
#define HAVE_STRINGS_H 1
#define HAVE_INTTYPES_H 1
#define HAVE_STDINT_H 1
#define HAVE_UNISTD_H 1
#define HAVE_DLFCN_H 1
#define LT_OBJDIR ".libs/"
#define IS_LITTLE_ENDIAN 1
#define HAVE_TR1 1
#define _FILE_OFFSET_BITS 64
#define USE_EPOLL 1
#define SIZEOF_LONG 4
#define DEFAULT_ADDRESS_SPACE_SIZE 1024
#define HAVE_SYS_VFS_H 1
#define HAVE_SYS_STATVFS_H 1
#define HAVE_SYS_STATFS_H 1
#define FS_STAT_FD fstatvfs(fd, &m_stat) == 0
#define FS_STAT_FN statvfs(fn, &m_stat) == 0
#define FS_STAT_STRUCT struct statvfs
#define FS_STAT_SIZE_TYPE unsigned long
#define FS_STAT_COUNT_TYPE fsblkcnt_t
#define FS_STAT_BLOCK_SIZE (m_stat.f_frsize)
#define SUPPORT_ATTRIBUTE_VISIBILITY 1
#define USE_OPENSSL 1
#define USE_OPENSSL_SHA 1

configure: exit 1
